This is XeTeX, Version 3.14159265-2.6-0.99999 (MiKTeX 2.9.6930 64-bit) (preloaded format=xelatex 2019.4.25)  31 MAY 2019 19:23
entering extended mode
**./ML_rmd_2.1.tex
(ML_rmd_2.1.tex
LaTeX2e <2018-12-01>

("C:\Users\benco.DESKTOP-K1JS793\AppData\Local\Programs\MiKTeX 2.9\tex/latex/ba
se\article.cls"
Document Class: article 2018/09/03 v1.4i Standard LaTeX document class

("C:\Users\benco.DESKTOP-K1JS793\AppData\Local\Programs\MiKTeX 2.9\tex/latex/ba
se\size11.clo"
File: size11.clo 2018/09/03 v1.4i Standard LaTeX file (size option)
)
\c@part=\count80
\c@section=\count81
\c@subsection=\count82
\c@subsubsection=\count83
\c@paragraph=\count84
\c@subparagraph=\count85
\c@figure=\count86
\c@table=\count87
\abovecaptionskip=\skip41
\belowcaptionskip=\skip42
\bibindent=\dimen102
)
("C:\Users\benco.DESKTOP-K1JS793\AppData\Local\Programs\MiKTeX 2.9\tex/latex/lm
\lmodern.sty"
Package: lmodern 2009/10/30 v1.6 Latin Modern Fonts
LaTeX Font Info:    Overwriting symbol font `operators' in version `normal'
(Font)                  OT1/cmr/m/n --> OT1/lmr/m/n on input line 22.
LaTeX Font Info:    Overwriting symbol font `letters' in version `normal'
(Font)                  OML/cmm/m/it --> OML/lmm/m/it on input line 23.
LaTeX Font Info:    Overwriting symbol font `symbols' in version `normal'
(Font)                  OMS/cmsy/m/n --> OMS/lmsy/m/n on input line 24.
LaTeX Font Info:    Overwriting symbol font `largesymbols' in version `normal'
(Font)                  OMX/cmex/m/n --> OMX/lmex/m/n on input line 25.
LaTeX Font Info:    Overwriting symbol font `operators' in version `bold'
(Font)                  OT1/cmr/bx/n --> OT1/lmr/bx/n on input line 26.
LaTeX Font Info:    Overwriting symbol font `letters' in version `bold'
(Font)                  OML/cmm/b/it --> OML/lmm/b/it on input line 27.
LaTeX Font Info:    Overwriting symbol font `symbols' in version `bold'
(Font)                  OMS/cmsy/b/n --> OMS/lmsy/b/n on input line 28.
LaTeX Font Info:    Overwriting symbol font `largesymbols' in version `bold'
(Font)                  OMX/cmex/m/n --> OMX/lmex/m/n on input line 29.
LaTeX Font Info:    Overwriting math alphabet `\mathbf' in version `normal'
(Font)                  OT1/cmr/bx/n --> OT1/lmr/bx/n on input line 31.
LaTeX Font Info:    Overwriting math alphabet `\mathsf' in version `normal'
(Font)                  OT1/cmss/m/n --> OT1/lmss/m/n on input line 32.
LaTeX Font Info:    Overwriting math alphabet `\mathit' in version `normal'
(Font)                  OT1/cmr/m/it --> OT1/lmr/m/it on input line 33.
LaTeX Font Info:    Overwriting math alphabet `\mathtt' in version `normal'
(Font)                  OT1/cmtt/m/n --> OT1/lmtt/m/n on input line 34.
LaTeX Font Info:    Overwriting math alphabet `\mathbf' in version `bold'
(Font)                  OT1/cmr/bx/n --> OT1/lmr/bx/n on input line 35.
LaTeX Font Info:    Overwriting math alphabet `\mathsf' in version `bold'
(Font)                  OT1/cmss/bx/n --> OT1/lmss/bx/n on input line 36.
LaTeX Font Info:    Overwriting math alphabet `\mathit' in version `bold'
(Font)                  OT1/cmr/bx/it --> OT1/lmr/bx/it on input line 37.
LaTeX Font Info:    Overwriting math alphabet `\mathtt' in version `bold'
(Font)                  OT1/cmtt/m/n --> OT1/lmtt/m/n on input line 38.
)
("C:\Users\benco.DESKTOP-K1JS793\AppData\Local\Programs\MiKTeX 2.9\tex/latex/am
sfonts\amssymb.sty"
Package: amssymb 2013/01/14 v3.01 AMS font symbols

("C:\Users\benco.DESKTOP-K1JS793\AppData\Local\Programs\MiKTeX 2.9\tex/latex/am
sfonts\amsfonts.sty"
Package: amsfonts 2013/01/14 v3.01 Basic AMSFonts support
\@emptytoks=\toks14
\symAMSa=\mathgroup4
\symAMSb=\mathgroup5
LaTeX Font Info:    Overwriting math alphabet `\mathfrak' in version `bold'
(Font)                  U/euf/m/n --> U/euf/b/n on input line 106.
))
("C:\Users\benco.DESKTOP-K1JS793\AppData\Local\Programs\MiKTeX 2.9\tex/latex/am
smath\amsmath.sty"
Package: amsmath 2018/12/01 v2.17b AMS math features
\@mathmargin=\skip43
For additional information on amsmath, use the `?' option.

("C:\Users\benco.DESKTOP-K1JS793\AppData\Local\Programs\MiKTeX 2.9\tex/latex/am
smath\amstext.sty"
Package: amstext 2000/06/29 v2.01 AMS text

("C:\Users\benco.DESKTOP-K1JS793\AppData\Local\Programs\MiKTeX 2.9\tex/latex/am
smath\amsgen.sty"
File: amsgen.sty 1999/11/30 v2.0 generic functions
\@emptytoks=\toks15
\ex@=\dimen103
))
("C:\Users\benco.DESKTOP-K1JS793\AppData\Local\Programs\MiKTeX 2.9\tex/latex/am
smath\amsbsy.sty"
Package: amsbsy 1999/11/29 v1.2d Bold Symbols
\pmbraise@=\dimen104
)
("C:\Users\benco.DESKTOP-K1JS793\AppData\Local\Programs\MiKTeX 2.9\tex/latex/am
smath\amsopn.sty"
Package: amsopn 2016/03/08 v2.02 operator names
)
\inf@bad=\count88
LaTeX Info: Redefining \frac on input line 223.
\uproot@=\count89
\leftroot@=\count90
LaTeX Info: Redefining \overline on input line 385.
\classnum@=\count91
\DOTSCASE@=\count92
LaTeX Info: Redefining \ldots on input line 482.
LaTeX Info: Redefining \dots on input line 485.
LaTeX Info: Redefining \cdots on input line 606.
\Mathstrutbox@=\box27
\strutbox@=\box28
\big@size=\dimen105
LaTeX Font Info:    Redeclaring font encoding OML on input line 729.
LaTeX Font Info:    Redeclaring font encoding OMS on input line 730.
\macc@depth=\count93
\c@MaxMatrixCols=\count94
\dotsspace@=\muskip10
\c@parentequation=\count95
\dspbrk@lvl=\count96
\tag@help=\toks16
\row@=\count97
\column@=\count98
\maxfields@=\count99
\andhelp@=\toks17
\eqnshift@=\dimen106
\alignsep@=\dimen107
\tagshift@=\dimen108
\tagwidth@=\dimen109
\totwidth@=\dimen110
\lineht@=\dimen111
\@envbody=\toks18
\multlinegap=\skip44
\multlinetaggap=\skip45
\mathdisplay@stack=\toks19
LaTeX Info: Redefining \[ on input line 2844.
LaTeX Info: Redefining \] on input line 2845.
)
("C:\Users\benco.DESKTOP-K1JS793\AppData\Local\Programs\MiKTeX 2.9\tex/generic/
ifxetex\ifxetex.sty"
Package: ifxetex 2010/09/12 v0.6 Provides ifxetex conditional
)
("C:\Users\benco.DESKTOP-K1JS793\AppData\Local\Programs\MiKTeX 2.9\tex/generic/
oberdiek\ifluatex.sty"
Package: ifluatex 2016/05/16 v1.4 Provides the ifluatex switch (HO)
Package ifluatex Info: LuaTeX not detected.
)
("C:\Users\benco.DESKTOP-K1JS793\AppData\Local\Programs\MiKTeX 2.9\tex/latex/ba
se\fixltx2e.sty"
Package: fixltx2e 2016/12/29 v2.1a fixes to LaTeX (obsolete)
Applying: [2015/01/01] Old fixltx2e package on input line 46.

Package fixltx2e Warning: fixltx2e is not required with releases after 2015
(fixltx2e)                All fixes are now in the LaTeX kernel.
(fixltx2e)                See the latexrelease package for details.

Already applied: [0000/00/00] Old fixltx2e package on input line 53.
)
("C:\Users\benco.DESKTOP-K1JS793\AppData\Local\Programs\MiKTeX 2.9\tex/xelatex/
mathspec\mathspec.sty"
Package: mathspec 2016/12/22 v0.2b LaTeX Package (Mathematics font selection fo
r XeLaTeX)

("C:\Users\benco.DESKTOP-K1JS793\AppData\Local\Programs\MiKTeX 2.9\tex/latex/et
oolbox\etoolbox.sty"
Package: etoolbox 2018/08/19 v2.5f e-TeX tools for LaTeX (JAW)
\etb@tempcnta=\count100
)
("C:\Users\benco.DESKTOP-K1JS793\AppData\Local\Programs\MiKTeX 2.9\tex/latex/fo
ntspec\fontspec.sty"
("C:\Users\benco.DESKTOP-K1JS793\AppData\Local\Programs\MiKTeX 2.9\tex/latex/l3
packages/xparse\xparse.sty"
("C:\Users\benco.DESKTOP-K1JS793\AppData\Local\Programs\MiKTeX 2.9\tex/latex/l3
kernel\expl3.sty"
Package: expl3 2019-04-21 L3 programming layer (loader) 

("C:\Users\benco.DESKTOP-K1JS793\AppData\Local\Programs\MiKTeX 2.9\tex/latex/l3
kernel\expl3-code.tex"
Package: expl3 2019-04-21 L3 programming layer (code)
\c_max_int=\count101
\l_tmpa_int=\count102
\l_tmpb_int=\count103
\g_tmpa_int=\count104
\g_tmpb_int=\count105
\g__kernel_prg_map_int=\count106
\c__ior_term_ior=\count107
\c_log_iow=\count108
\l_iow_line_count_int=\count109
\l__iow_line_target_int=\count110
\l__iow_one_indent_int=\count111
\l__iow_indent_int=\count112
\c_zero_dim=\dimen112
\c_max_dim=\dimen113
\l_tmpa_dim=\dimen114
\l_tmpb_dim=\dimen115
\g_tmpa_dim=\dimen116
\g_tmpb_dim=\dimen117
\c_zero_skip=\skip46
\c_max_skip=\skip47
\l_tmpa_skip=\skip48
\l_tmpb_skip=\skip49
\g_tmpa_skip=\skip50
\g_tmpb_skip=\skip51
\c_zero_muskip=\muskip11
\c_max_muskip=\muskip12
\l_tmpa_muskip=\muskip13
\l_tmpb_muskip=\muskip14
\g_tmpa_muskip=\muskip15
\g_tmpb_muskip=\muskip16
\l_keys_choice_int=\count113
\l__intarray_loop_int=\count114
\c__intarray_sp_dim=\dimen118
\g__intarray_font_int=\count115
\c__fp_leading_shift_int=\count116
\c__fp_middle_shift_int=\count117
\c__fp_trailing_shift_int=\count118
\c__fp_big_leading_shift_int=\count119
\c__fp_big_middle_shift_int=\count120
\c__fp_big_trailing_shift_int=\count121
\c__fp_Bigg_leading_shift_int=\count122
\c__fp_Bigg_middle_shift_int=\count123
\c__fp_Bigg_trailing_shift_int=\count124
\g__fp_array_int=\count125
\l__fp_array_loop_int=\count126
\l__sort_length_int=\count127
\l__sort_min_int=\count128
\l__sort_top_int=\count129
\l__sort_max_int=\count130
\l__sort_true_max_int=\count131
\l__sort_block_int=\count132
\l__sort_begin_int=\count133
\l__sort_end_int=\count134
\l__sort_A_int=\count135
\l__sort_B_int=\count136
\l__sort_C_int=\count137
\l__tl_analysis_normal_int=\count138
\l__tl_analysis_index_int=\count139
\l__tl_analysis_nesting_int=\count140
\l__tl_analysis_type_int=\count141
\l__regex_internal_a_int=\count142
\l__regex_internal_b_int=\count143
\l__regex_internal_c_int=\count144
\l__regex_balance_int=\count145
\l__regex_group_level_int=\count146
\l__regex_mode_int=\count147
\c__regex_cs_in_class_mode_int=\count148
\c__regex_cs_mode_int=\count149
\l__regex_catcodes_int=\count150
\l__regex_default_catcodes_int=\count151
\c__regex_catcode_L_int=\count152
\c__regex_catcode_O_int=\count153
\c__regex_catcode_A_int=\count154
\c__regex_all_catcodes_int=\count155
\l__regex_show_lines_int=\count156
\l__regex_min_state_int=\count157
\l__regex_max_state_int=\count158
\l__regex_left_state_int=\count159
\l__regex_right_state_int=\count160
\l__regex_capturing_group_int=\count161
\l__regex_min_pos_int=\count162
\l__regex_max_pos_int=\count163
\l__regex_curr_pos_int=\count164
\l__regex_start_pos_int=\count165
\l__regex_success_pos_int=\count166
\l__regex_curr_char_int=\count167
\l__regex_curr_catcode_int=\count168
\l__regex_last_char_int=\count169
\l__regex_case_changed_char_int=\count170
\l__regex_curr_state_int=\count171
\l__regex_step_int=\count172
\l__regex_min_active_int=\count173
\l__regex_max_active_int=\count174
\l__regex_replacement_csnames_int=\count175
\l__regex_match_count_int=\count176
\l__regex_min_submatch_int=\count177
\l__regex_submatch_int=\count178
\l__regex_zeroth_submatch_int=\count179
\g__regex_trace_regex_int=\count180
\c_empty_box=\box29
\l_tmpa_box=\box30
\l_tmpb_box=\box31
\g_tmpa_box=\box32
\g_tmpb_box=\box33
\l__box_top_dim=\dimen119
\l__box_bottom_dim=\dimen120
\l__box_left_dim=\dimen121
\l__box_right_dim=\dimen122
\l__box_top_new_dim=\dimen123
\l__box_bottom_new_dim=\dimen124
\l__box_left_new_dim=\dimen125
\l__box_right_new_dim=\dimen126
\l__box_internal_box=\box34
\l__coffin_internal_box=\box35
\l__coffin_internal_dim=\dimen127
\l__coffin_offset_x_dim=\dimen128
\l__coffin_offset_y_dim=\dimen129
\l__coffin_x_dim=\dimen130
\l__coffin_y_dim=\dimen131
\l__coffin_x_prime_dim=\dimen132
\l__coffin_y_prime_dim=\dimen133
\c_empty_coffin=\box36
\l__coffin_aligned_coffin=\box37
\l__coffin_aligned_internal_coffin=\box38
\l_tmpa_coffin=\box39
\l_tmpb_coffin=\box40
\g_tmpa_coffin=\box41
\g_tmpb_coffin=\box42
\l__coffin_bounding_shift_dim=\dimen134
\l__coffin_left_corner_dim=\dimen135
\l__coffin_right_corner_dim=\dimen136
\l__coffin_bottom_corner_dim=\dimen137
\l__coffin_top_corner_dim=\dimen138
\l__coffin_scaled_total_height_dim=\dimen139
\l__coffin_scaled_width_dim=\dimen140
\c__coffin_empty_coffin=\box43
\l__coffin_display_coffin=\box44
\l__coffin_display_coord_coffin=\box45
\l__coffin_display_pole_coffin=\box46
\l__coffin_display_offset_dim=\dimen141
\l__coffin_display_x_dim=\dimen142
\l__coffin_display_y_dim=\dimen143
\g__file_internal_ior=\read1
\l__seq_internal_a_int=\count181
\l__seq_internal_b_int=\count182
\c__deprecation_minus_one=\count183
)
("C:\Users\benco.DESKTOP-K1JS793\AppData\Local\Programs\MiKTeX 2.9\tex/latex/l3
kernel\l3xdvipdfmx.def"
File: l3xdvipdfmx.def 2019-04-06 v L3 Experimental driver: xdvipdfmx
\g__driver_image_int=\count184
\g__driver_pdf_object_int=\count185
\g__driver_pdf_annotation_int=\count186
))
Package: xparse 2019-03-05 L3 Experimental document command parser
\l__xparse_current_arg_int=\count187
\g__xparse_grabber_int=\count188
\l__xparse_m_args_int=\count189
\l__xparse_v_nesting_int=\count190
)
Package: fontspec 2018/07/30 vv2.6h Font selection for XeLaTeX and LuaLaTeX

("C:\Users\benco.DESKTOP-K1JS793\AppData\Local\Programs\MiKTeX 2.9\tex/latex/fo
ntspec\fontspec-xetex.sty"
Package: fontspec-xetex 2018/07/30 vv2.6h Font selection for XeLaTeX and LuaLaT
eX
\l__fontspec_script_int=\count191
\l__fontspec_language_int=\count192
\l__fontspec_strnum_int=\count193
\l__fontspec_tmp_int=\count194
\l__fontspec_em_int=\count195
\l__fontspec_emdef_int=\count196
\l__fontspec_strong_int=\count197
\l__fontspec_strongdef_int=\count198
\l__fontspec_tmpa_dim=\dimen144
\l__fontspec_tmpb_dim=\dimen145
\l__fontspec_tmpc_dim=\dimen146

("C:\Users\benco.DESKTOP-K1JS793\AppData\Local\Programs\MiKTeX 2.9\tex/latex/ba
se\fontenc.sty"
Package: fontenc 2018/08/11 v2.0j Standard LaTeX package

("C:\Users\benco.DESKTOP-K1JS793\AppData\Local\Programs\MiKTeX 2.9\tex/latex/ba
se\tuenc.def"
File: tuenc.def 2018/08/11 v2.0j Standard LaTeX file
LaTeX Font Info:    Redeclaring font encoding TU on input line 82.
))
("C:\Users\benco.DESKTOP-K1JS793\AppData\Local\Programs\MiKTeX 2.9\tex/latex/fo
ntspec\fontspec.cfg")
LaTeX Info: Redefining \itshape on input line 3910.
LaTeX Info: Redefining \slshape on input line 3915.
LaTeX Info: Redefining \scshape on input line 3920.
LaTeX Info: Redefining \upshape on input line 3925.
LaTeX Info: Redefining \em on input line 3955.
LaTeX Info: Redefining \emph on input line 3980.
LaTeX Info: Redefining \- on input line 4034.
))
("C:\Users\benco.DESKTOP-K1JS793\AppData\Local\Programs\MiKTeX 2.9\tex/latex/xk
eyval\xkeyval.sty"
Package: xkeyval 2014/12/03 v2.7a package option processing (HA)

("C:\Users\benco.DESKTOP-K1JS793\AppData\Local\Programs\MiKTeX 2.9\tex/generic/
xkeyval\xkeyval.tex"
("C:\Users\benco.DESKTOP-K1JS793\AppData\Local\Programs\MiKTeX 2.9\tex/generic/
xkeyval\xkvutils.tex"
\XKV@toks=\toks20
\XKV@tempa@toks=\toks21

("C:\Users\benco.DESKTOP-K1JS793\AppData\Local\Programs\MiKTeX 2.9\tex/generic/
xkeyval\keyval.tex"))
\XKV@depth=\count199
File: xkeyval.tex 2014/12/03 v2.7a key=value parser (HA)
))
\c@eu@=\count266
\c@eu@i=\count267
\c@mkern=\count268
)

Package fontspec Info: Arial Nova scale = 0.831940910338001.


Package fontspec Info: Arial Nova scale = 0.831940910338001.


Package fontspec Info: Arial Nova/B scale = 0.831940910338001.


Package fontspec Info: Arial Nova/I scale = 0.831940910338001.


Package fontspec Info: Arial Nova/BI scale = 0.831940910338001.


Package fontspec Info: Font family 'ArialNova(0)' created for font 'Arial
(fontspec)             Nova' with options
(fontspec)             [Ligatures=TeX,Scale=MatchLowercase,Ligatures=TeX].
(fontspec)              
(fontspec)              This font family consists of the following NFSS
(fontspec)             series/shapes:
(fontspec)              
(fontspec)             - 'normal' (m/n) with NFSS spec.:
(fontspec)             <->s*[0.831940910338001]"Arial
(fontspec)             Nova/OT:script=latn;language=DFLT;mapping=tex-text;"
(fontspec)             - 'small caps'  (m/sc) with NFSS spec.: 
(fontspec)             - 'bold' (bx/n) with NFSS spec.:
(fontspec)             <->s*[0.831940910338001]"Arial
(fontspec)             Nova/B/OT:script=latn;language=DFLT;mapping=tex-text;"
(fontspec)             - 'bold small caps'  (bx/sc) with NFSS spec.: 
(fontspec)             - 'italic' (m/it) with NFSS spec.:
(fontspec)             <->s*[0.831940910338001]"Arial
(fontspec)             Nova/I/OT:script=latn;language=DFLT;mapping=tex-text;"
(fontspec)             - 'italic small caps'  (m/itsc) with NFSS spec.: 
(fontspec)             - 'bold italic' (bx/it) with NFSS spec.:
(fontspec)             <->s*[0.831940910338001]"Arial
(fontspec)             Nova/BI/OT:script=latn;language=DFLT;mapping=tex-text;"
(fontspec)             - 'bold italic small caps'  (bx/itsc) with NFSS spec.: 

LaTeX Info: Redefining \rmfamily on input line 17.
LaTeX Font Info:    Font shape `TU/ArialNova(0)/m/n' will be
(Font)              scaled to size 9.10973pt on input line 17.

("C:\Users\benco.DESKTOP-K1JS793\AppData\Local\Programs\MiKTeX 2.9\tex/latex/up
quote\upquote.sty"
Package: upquote 2012/04/19 v1.3 upright-quote and grave-accent glyphs in verba
tim

("C:\Users\benco.DESKTOP-K1JS793\AppData\Local\Programs\MiKTeX 2.9\tex/latex/ba
se\textcomp.sty"
Package: textcomp 2018/08/11 v2.0j Standard LaTeX package
Package textcomp Info: Sub-encoding information:
(textcomp)               5 = only ISO-Adobe without \textcurrency
(textcomp)               4 = 5 + \texteuro
(textcomp)               3 = 4 + \textohm
(textcomp)               2 = 3 + \textestimated + \textcurrency
(textcomp)               1 = TS1 - \textcircled - \t
(textcomp)               0 = TS1 (full)
(textcomp)             Font families with sub-encoding setting implement
(textcomp)             only a restricted character set as indicated.
(textcomp)             Family '?' is the default used for unknown fonts.
(textcomp)             See the documentation for details.
Package textcomp Info: Setting ? sub-encoding to TS1/1 on input line 79.

("C:\Users\benco.DESKTOP-K1JS793\AppData\Local\Programs\MiKTeX 2.9\tex/latex/ba
se\ts1enc.def"
File: ts1enc.def 2001/06/05 v3.0e (jk/car/fm) Standard LaTeX file
)
LaTeX Info: Redefining \oldstylenums on input line 334.
Package textcomp Info: Setting cmr sub-encoding to TS1/0 on input line 349.
Package textcomp Info: Setting cmss sub-encoding to TS1/0 on input line 350.
Package textcomp Info: Setting cmtt sub-encoding to TS1/0 on input line 351.
Package textcomp Info: Setting cmvtt sub-encoding to TS1/0 on input line 352.
Package textcomp Info: Setting cmbr sub-encoding to TS1/0 on input line 353.
Package textcomp Info: Setting cmtl sub-encoding to TS1/0 on input line 354.
Package textcomp Info: Setting ccr sub-encoding to TS1/0 on input line 355.
Package textcomp Info: Setting ptm sub-encoding to TS1/4 on input line 356.
Package textcomp Info: Setting pcr sub-encoding to TS1/4 on input line 357.
Package textcomp Info: Setting phv sub-encoding to TS1/4 on input line 358.
Package textcomp Info: Setting ppl sub-encoding to TS1/3 on input line 359.
Package textcomp Info: Setting pag sub-encoding to TS1/4 on input line 360.
Package textcomp Info: Setting pbk sub-encoding to TS1/4 on input line 361.
Package textcomp Info: Setting pnc sub-encoding to TS1/4 on input line 362.
Package textcomp Info: Setting pzc sub-encoding to TS1/4 on input line 363.
Package textcomp Info: Setting bch sub-encoding to TS1/4 on input line 364.
Package textcomp Info: Setting put sub-encoding to TS1/5 on input line 365.
Package textcomp Info: Setting uag sub-encoding to TS1/5 on input line 366.
Package textcomp Info: Setting ugq sub-encoding to TS1/5 on input line 367.
Package textcomp Info: Setting ul8 sub-encoding to TS1/4 on input line 368.
Package textcomp Info: Setting ul9 sub-encoding to TS1/4 on input line 369.
Package textcomp Info: Setting augie sub-encoding to TS1/5 on input line 370.
Package textcomp Info: Setting dayrom sub-encoding to TS1/3 on input line 371.
Package textcomp Info: Setting dayroms sub-encoding to TS1/3 on input line 372.

Package textcomp Info: Setting pxr sub-encoding to TS1/0 on input line 373.
Package textcomp Info: Setting pxss sub-encoding to TS1/0 on input line 374.
Package textcomp Info: Setting pxtt sub-encoding to TS1/0 on input line 375.
Package textcomp Info: Setting txr sub-encoding to TS1/0 on input line 376.
Package textcomp Info: Setting txss sub-encoding to TS1/0 on input line 377.
Package textcomp Info: Setting txtt sub-encoding to TS1/0 on input line 378.
Package textcomp Info: Setting lmr sub-encoding to TS1/0 on input line 379.
Package textcomp Info: Setting lmdh sub-encoding to TS1/0 on input line 380.
Package textcomp Info: Setting lmss sub-encoding to TS1/0 on input line 381.
Package textcomp Info: Setting lmssq sub-encoding to TS1/0 on input line 382.
Package textcomp Info: Setting lmvtt sub-encoding to TS1/0 on input line 383.
Package textcomp Info: Setting lmtt sub-encoding to TS1/0 on input line 384.
Package textcomp Info: Setting qhv sub-encoding to TS1/0 on input line 385.
Package textcomp Info: Setting qag sub-encoding to TS1/0 on input line 386.
Package textcomp Info: Setting qbk sub-encoding to TS1/0 on input line 387.
Package textcomp Info: Setting qcr sub-encoding to TS1/0 on input line 388.
Package textcomp Info: Setting qcs sub-encoding to TS1/0 on input line 389.
Package textcomp Info: Setting qpl sub-encoding to TS1/0 on input line 390.
Package textcomp Info: Setting qtm sub-encoding to TS1/0 on input line 391.
Package textcomp Info: Setting qzc sub-encoding to TS1/0 on input line 392.
Package textcomp Info: Setting qhvc sub-encoding to TS1/0 on input line 393.
Package textcomp Info: Setting futs sub-encoding to TS1/4 on input line 394.
Package textcomp Info: Setting futx sub-encoding to TS1/4 on input line 395.
Package textcomp Info: Setting futj sub-encoding to TS1/4 on input line 396.
Package textcomp Info: Setting hlh sub-encoding to TS1/3 on input line 397.
Package textcomp Info: Setting hls sub-encoding to TS1/3 on input line 398.
Package textcomp Info: Setting hlst sub-encoding to TS1/3 on input line 399.
Package textcomp Info: Setting hlct sub-encoding to TS1/5 on input line 400.
Package textcomp Info: Setting hlx sub-encoding to TS1/5 on input line 401.
Package textcomp Info: Setting hlce sub-encoding to TS1/5 on input line 402.
Package textcomp Info: Setting hlcn sub-encoding to TS1/5 on input line 403.
Package textcomp Info: Setting hlcw sub-encoding to TS1/5 on input line 404.
Package textcomp Info: Setting hlcf sub-encoding to TS1/5 on input line 405.
Package textcomp Info: Setting pplx sub-encoding to TS1/3 on input line 406.
Package textcomp Info: Setting pplj sub-encoding to TS1/3 on input line 407.
Package textcomp Info: Setting ptmx sub-encoding to TS1/4 on input line 408.
Package textcomp Info: Setting ptmj sub-encoding to TS1/4 on input line 409.
))
("C:\Users\benco.DESKTOP-K1JS793\AppData\Local\Programs\MiKTeX 2.9\tex/latex/mi
crotype\microtype.sty"
Package: microtype 2019/02/28 v2.7b Micro-typographical refinements (RS)
\MT@toks=\toks22
\MT@count=\count269
LaTeX Info: Redefining \textls on input line 790.
\MT@outer@kern=\dimen147
LaTeX Info: Redefining \textmicrotypecontext on input line 1336.
\MT@listname@count=\count270

("C:\Users\benco.DESKTOP-K1JS793\AppData\Local\Programs\MiKTeX 2.9\tex/latex/mi
crotype\microtype-xetex.def"
File: microtype-xetex.def 2019/02/28 v2.7b Definitions specific to xetex (RS)
LaTeX Info: Redefining \lsstyle on input line 258.
)
Package microtype Info: Loading configuration file microtype.cfg.

("C:\Users\benco.DESKTOP-K1JS793\AppData\Local\Programs\MiKTeX 2.9\tex/latex/mi
crotype\microtype.cfg"
File: microtype.cfg 2019/02/28 v2.7b microtype main configuration file (RS)
))
("C:\Users\benco.DESKTOP-K1JS793\AppData\Local\Programs\MiKTeX 2.9\tex/latex/ge
ometry\geometry.sty"
Package: geometry 2018/04/16 v5.8 Page Geometry

("C:\Users\benco.DESKTOP-K1JS793\AppData\Local\Programs\MiKTeX 2.9\tex/generic/
oberdiek\ifpdf.sty"
Package: ifpdf 2018/09/07 v3.3 Provides the ifpdf switch
)
("C:\Users\benco.DESKTOP-K1JS793\AppData\Local\Programs\MiKTeX 2.9\tex/generic/
oberdiek\ifvtex.sty"
Package: ifvtex 2016/05/16 v1.6 Detect VTeX and its facilities (HO)
Package ifvtex Info: VTeX not detected.
)
\Gm@cnth=\count271
\Gm@cntv=\count272
\c@Gm@tempcnt=\count273
\Gm@bindingoffset=\dimen148
\Gm@wd@mp=\dimen149
\Gm@odd@mp=\dimen150
\Gm@even@mp=\dimen151
\Gm@layoutwidth=\dimen152
\Gm@layoutheight=\dimen153
\Gm@layouthoffset=\dimen154
\Gm@layoutvoffset=\dimen155
\Gm@dimlist=\toks23

("C:\Users\benco.DESKTOP-K1JS793\AppData\Local\Programs\MiKTeX 2.9\tex/xelatex/
xetexconfig\geometry.cfg"))
("C:\Users\benco.DESKTOP-K1JS793\AppData\Local\Programs\MiKTeX 2.9\tex/latex/hy
perref\hyperref.sty"
Package: hyperref 2018/11/30 v6.88e Hypertext links for LaTeX

("C:\Users\benco.DESKTOP-K1JS793\AppData\Local\Programs\MiKTeX 2.9\tex/generic/
oberdiek\hobsub-hyperref.sty"
Package: hobsub-hyperref 2016/05/16 v1.14 Bundle oberdiek, subset hyperref (HO)


("C:\Users\benco.DESKTOP-K1JS793\AppData\Local\Programs\MiKTeX 2.9\tex/generic/
oberdiek\hobsub-generic.sty"
Package: hobsub-generic 2016/05/16 v1.14 Bundle oberdiek, subset generic (HO)
Package: hobsub 2016/05/16 v1.14 Construct package bundles (HO)
Package: infwarerr 2016/05/16 v1.4 Providing info/warning/error messages (HO)
Package: ltxcmds 2016/05/16 v1.23 LaTeX kernel commands for general use (HO)
Package hobsub Info: Skipping package `ifluatex' (already loaded).
Package hobsub Info: Skipping package `ifvtex' (already loaded).
Package: intcalc 2016/05/16 v1.2 Expandable calculations with integers (HO)
Package hobsub Info: Skipping package `ifpdf' (already loaded).
Package: etexcmds 2016/05/16 v1.6 Avoid name clashes with e-TeX commands (HO)
Package: kvsetkeys 2016/05/16 v1.17 Key value parser (HO)
Package: kvdefinekeys 2016/05/16 v1.4 Define keys (HO)
Package: pdftexcmds 2018/09/10 v0.29 Utility functions of pdfTeX for LuaTeX (HO
)
Package pdftexcmds Info: LuaTeX not detected.
Package pdftexcmds Info: pdfTeX >= 1.30 not detected.
Package pdftexcmds Info: \pdf@primitive is available.
Package pdftexcmds Info: \pdf@ifprimitive is available.
Package pdftexcmds Info: \pdfdraftmode not found.
Package: pdfescape 2016/05/16 v1.14 Implements pdfTeX's escape features (HO)
Package: bigintcalc 2016/05/16 v1.4 Expandable calculations on big integers (HO
)
Package: bitset 2016/05/16 v1.2 Handle bit-vector datatype (HO)
Package: uniquecounter 2016/05/16 v1.3 Provide unlimited unique counter (HO)
)
Package hobsub Info: Skipping package `hobsub' (already loaded).
Package: letltxmacro 2016/05/16 v1.5 Let assignment for LaTeX macros (HO)
Package: hopatch 2016/05/16 v1.3 Wrapper for package hooks (HO)
Package: xcolor-patch 2016/05/16 xcolor patch
Package: atveryend 2016/05/16 v1.9 Hooks at the very end of document (HO)
Package: atbegshi 2016/06/09 v1.18 At begin shipout hook (HO)
Package: refcount 2016/05/16 v3.5 Data extraction from label references (HO)
Package: hycolor 2016/05/16 v1.8 Color options for hyperref/bookmark (HO)
)
("C:\Users\benco.DESKTOP-K1JS793\AppData\Local\Programs\MiKTeX 2.9\tex/latex/ob
erdiek\auxhook.sty"
Package: auxhook 2016/05/16 v1.4 Hooks for auxiliary files (HO)
)
("C:\Users\benco.DESKTOP-K1JS793\AppData\Local\Programs\MiKTeX 2.9\tex/latex/ob
erdiek\kvoptions.sty"
Package: kvoptions 2016/05/16 v3.12 Key value format for package options (HO)
)
\@linkdim=\dimen156
\Hy@linkcounter=\count274
\Hy@pagecounter=\count275

("C:\Users\benco.DESKTOP-K1JS793\AppData\Local\Programs\MiKTeX 2.9\tex/latex/hy
perref\pd1enc.def"
File: pd1enc.def 2018/11/30 v6.88e Hyperref: PDFDocEncoding definition (HO)
)
\Hy@SavedSpaceFactor=\count276

("C:\Users\benco.DESKTOP-K1JS793\AppData\Local\Programs\MiKTeX 2.9\tex/latex/00
miktex\hyperref.cfg"
File: hyperref.cfg 2002/06/06 v1.2 hyperref configuration of TeXLive
)
Package hyperref Info: Hyper figures OFF on input line 4519.
Package hyperref Info: Link nesting OFF on input line 4524.
Package hyperref Info: Hyper index ON on input line 4527.
Package hyperref Info: Plain pages OFF on input line 4534.
Package hyperref Info: Backreferencing OFF on input line 4539.
Package hyperref Info: Implicit mode ON; LaTeX internals redefined.
Package hyperref Info: Bookmarks ON on input line 4772.
\c@Hy@tempcnt=\count277

("C:\Users\benco.DESKTOP-K1JS793\AppData\Local\Programs\MiKTeX 2.9\tex/latex/ur
l\url.sty"
\Urlmuskip=\muskip17
Package: url 2013/09/16  ver 3.4  Verb mode for urls, etc.
)
LaTeX Info: Redefining \url on input line 5125.
\XeTeXLinkMargin=\dimen157
\Fld@menulength=\count278
\Field@Width=\dimen158
\Fld@charsize=\dimen159
Package hyperref Info: Hyper figures OFF on input line 6380.
Package hyperref Info: Link nesting OFF on input line 6385.
Package hyperref Info: Hyper index ON on input line 6388.
Package hyperref Info: backreferencing OFF on input line 6395.
Package hyperref Info: Link coloring OFF on input line 6400.
Package hyperref Info: Link coloring with OCG OFF on input line 6405.
Package hyperref Info: PDF/A mode OFF on input line 6410.
LaTeX Info: Redefining \ref on input line 6450.
LaTeX Info: Redefining \pageref on input line 6454.
\Hy@abspage=\count279
\c@Item=\count280
\c@Hfootnote=\count281
)
Package hyperref Info: Driver (autodetected): hxetex.

("C:\Users\benco.DESKTOP-K1JS793\AppData\Local\Programs\MiKTeX 2.9\tex/latex/hy
perref\hxetex.def"
File: hxetex.def 2018/11/30 v6.88e Hyperref driver for XeTeX

("C:\Users\benco.DESKTOP-K1JS793\AppData\Local\Programs\MiKTeX 2.9\tex/latex/hy
perref\puenc.def"
File: puenc.def 2018/11/30 v6.88e Hyperref: PDF Unicode definition (HO)
)
("C:\Users\benco.DESKTOP-K1JS793\AppData\Local\Programs\MiKTeX 2.9\tex/generic/
oberdiek\stringenc.sty"
Package: stringenc 2016/05/16 v1.11 Convert strings between diff. encodings (HO
)
)
\pdfm@box=\box47
\c@Hy@AnnotLevel=\count282
\HyField@AnnotCount=\count283
\Fld@listcount=\count284
\c@bookmark@seq@number=\count285

("C:\Users\benco.DESKTOP-K1JS793\AppData\Local\Programs\MiKTeX 2.9\tex/latex/ob
erdiek\rerunfilecheck.sty"
Package: rerunfilecheck 2016/05/16 v1.8 Rerun checks for auxiliary files (HO)
Package uniquecounter Info: New unique counter `rerunfilecheck' on input line 2
82.
)
\Hy@SectionHShift=\skip52
)
Package hyperref Info: Option `unicode' set `true' on input line 34.

("C:\Users\benco.DESKTOP-K1JS793\AppData\Local\Programs\MiKTeX 2.9\tex/generic/
oberdiek\se-ascii-print.def"
File: se-ascii-print.def 2016/05/16 v1.11 stringenc: Printable ASCII characters

)
Package hyperref Info: Option `colorlinks' set `true' on input line 34.
Package hyperref Info: Option `breaklinks' set `true' on input line 34.

("C:\Users\benco.DESKTOP-K1JS793\AppData\Local\Programs\MiKTeX 2.9\tex/latex/gr
aphics\color.sty"
Package: color 2016/07/10 v1.1e Standard LaTeX Color (DPC)

("C:\Users\benco.DESKTOP-K1JS793\AppData\Local\Programs\MiKTeX 2.9\tex/latex/gr
aphics-cfg\color.cfg"
File: color.cfg 2016/01/02 v1.6 sample color configuration
)
Package color Info: Driver file: xetex.def on input line 147.

("C:\Users\benco.DESKTOP-K1JS793\AppData\Local\Programs\MiKTeX 2.9\tex/latex/gr
aphics-def\xetex.def"
File: xetex.def 2017/06/24 v5.0h Graphics/color driver for xetex
)
("C:\Users\benco.DESKTOP-K1JS793\AppData\Local\Programs\MiKTeX 2.9\tex/latex/gr
aphics\dvipsnam.def"
File: dvipsnam.def 2016/06/17 v3.0m Driver-dependent file (DPC,SPQR)
))
("C:\Users\benco.DESKTOP-K1JS793\AppData\Local\Programs\MiKTeX 2.9\tex/latex/fa
ncyvrb\fancyvrb.sty"
Package: fancyvrb 2019/01/15
Style option: `fancyvrb' v3.2a <2019/01/15> (tvz)
\FV@CodeLineNo=\count286
\FV@InFile=\read2
\FV@TabBox=\box48
\c@FancyVerbLine=\count287
\FV@StepNumber=\count288
\FV@OutFile=\write3
)
("C:\Users\benco.DESKTOP-K1JS793\AppData\Local\Programs\MiKTeX 2.9\tex/latex/fr
amed\framed.sty"
Package: framed 2011/10/22 v 0.96: framed or shaded text with page breaks
\OuterFrameSep=\skip53
\fb@frw=\dimen160
\fb@frh=\dimen161
\FrameRule=\dimen162
\FrameSep=\dimen163
)
("C:\Users\benco.DESKTOP-K1JS793\AppData\Local\Programs\MiKTeX 2.9\tex/latex/gr
aphics\graphicx.sty"
Package: graphicx 2017/06/01 v1.1a Enhanced LaTeX Graphics (DPC,SPQR)

("C:\Users\benco.DESKTOP-K1JS793\AppData\Local\Programs\MiKTeX 2.9\tex/latex/gr
aphics\graphics.sty"
Package: graphics 2017/06/25 v1.2c Standard LaTeX Graphics (DPC,SPQR)

("C:\Users\benco.DESKTOP-K1JS793\AppData\Local\Programs\MiKTeX 2.9\tex/latex/gr
aphics\trig.sty"
Package: trig 2016/01/03 v1.10 sin cos tan (DPC)
)
("C:\Users\benco.DESKTOP-K1JS793\AppData\Local\Programs\MiKTeX 2.9\tex/latex/gr
aphics-cfg\graphics.cfg"
File: graphics.cfg 2016/06/04 v1.11 sample graphics configuration
)
Package graphics Info: Driver file: xetex.def on input line 99.
)
\Gin@req@height=\dimen164
\Gin@req@width=\dimen165
)
("C:\Users\benco.DESKTOP-K1JS793\AppData\Local\Programs\MiKTeX 2.9\tex/latex/ob
erdiek\grffile.sty"
Package: grffile 2017/06/30 v1.18 Extended file name support for graphics (HO)
Package grffile Info: Option `multidot' is set to `true'.
Package grffile Info: Option `extendedchars' is set to `false'.
Package grffile Info: Option `space' is set to `true'.
Package grffile Info: \Gin@ii of package `graphicx' fixed on input line 494.
)
("C:\Users\benco.DESKTOP-K1JS793\AppData\Local\Programs\MiKTeX 2.9\tex/latex/pa
rskip\parskip.sty"
Package: parskip 2019-01-16 v2.0c non-zero parskip adjustments
)
("C:\Users\benco.DESKTOP-K1JS793\AppData\Local\Programs\MiKTeX 2.9\tex/latex/ti
tling\titling.sty"
Package: titling 2009/09/04 v2.1d maketitle typesetting
\thanksmarkwidth=\skip54
\thanksmargin=\skip55
\droptitle=\skip56
)
("C:\Users\benco.DESKTOP-K1JS793\AppData\Local\Programs\MiKTeX 2.9\tex/latex/bo
oktabs\booktabs.sty"
Package: booktabs 2005/04/14 v1.61803 publication quality tables
\heavyrulewidth=\dimen166
\lightrulewidth=\dimen167
\cmidrulewidth=\dimen168
\belowrulesep=\dimen169
\belowbottomsep=\dimen170
\aboverulesep=\dimen171
\abovetopsep=\dimen172
\cmidrulesep=\dimen173
\cmidrulekern=\dimen174
\defaultaddspace=\dimen175
\@cmidla=\count289
\@cmidlb=\count290
\@aboverulesep=\dimen176
\@belowrulesep=\dimen177
\@thisruleclass=\count291
\@lastruleclass=\count292
\@thisrulewidth=\dimen178
)
("C:\Users\benco.DESKTOP-K1JS793\AppData\Local\Programs\MiKTeX 2.9\tex/latex/to
ols\longtable.sty"
Package: longtable 2014/10/28 v4.11 Multi-page Table package (DPC)
\LTleft=\skip57
\LTright=\skip58
\LTpre=\skip59
\LTpost=\skip60
\LTchunksize=\count293
\LTcapwidth=\dimen179
\LT@head=\box49
\LT@firsthead=\box50
\LT@foot=\box51
\LT@lastfoot=\box52
\LT@cols=\count294
\LT@rows=\count295
\c@LT@tables=\count296
\c@LT@chunks=\count297
\LT@p@ftn=\toks24
)
("C:\Users\benco.DESKTOP-K1JS793\AppData\Local\Programs\MiKTeX 2.9\tex/latex/to
ols\array.sty"
Package: array 2018/11/13 v2.4j Tabular extension package (FMi)
\col@sep=\dimen180
\ar@mcellbox=\box53
\extrarowheight=\dimen181
\NC@list=\toks25
\extratabsurround=\skip61
\backup@length=\skip62
\ar@cellbox=\box54
)
("C:\Users\benco.DESKTOP-K1JS793\AppData\Local\Programs\MiKTeX 2.9\tex/latex/mu
ltirow\multirow.sty"
Package: multirow 2019/01/01 v2.4 Span multiple rows of a table
\multirow@colwidth=\skip63
\multirow@cntb=\count298
\multirow@dima=\skip64
\bigstrutjot=\dimen182
)
("C:\Users\benco.DESKTOP-K1JS793\AppData\Local\Programs\MiKTeX 2.9\tex/latex/wr
apfig\wrapfig.sty"
\wrapoverhang=\dimen183
\WF@size=\dimen184
\c@WF@wrappedlines=\count299
\WF@box=\box55
\WF@everypar=\toks26
Package: wrapfig 2003/01/31  v 3.6
)
("C:\Users\benco.DESKTOP-K1JS793\AppData\Local\Programs\MiKTeX 2.9\tex/latex/fl
oat\float.sty"
Package: float 2001/11/08 v1.3d Float enhancements (AL)
\c@float@type=\count300
\float@exts=\toks27
\float@box=\box56
\@float@everytoks=\toks28
\@floatcapt=\box57
)
("C:\Users\benco.DESKTOP-K1JS793\AppData\Local\Programs\MiKTeX 2.9\tex/latex/co
lortbl\colortbl.sty"
Package: colortbl 2018/12/12 v1.0d Color table columns (DPC)
\everycr=\toks29
\minrowclearance=\skip65
)
("C:\Users\benco.DESKTOP-K1JS793\AppData\Local\Programs\MiKTeX 2.9\tex/latex/ob
erdiek\pdflscape.sty"
Package: pdflscape 2016/05/14 v0.11 Display of landscape pages in PDF (HO)

("C:\Users\benco.DESKTOP-K1JS793\AppData\Local\Programs\MiKTeX 2.9\tex/latex/gr
aphics\lscape.sty"
Package: lscape 2000/10/22 v3.01 Landscape Pages (DPC)
)
Package pdflscape Info: Auto-detected driver: dvipdfm (xetex) on input line 99.

)
("C:\Users\benco.DESKTOP-K1JS793\AppData\Local\Programs\MiKTeX 2.9\tex/latex/ta
bu\tabu.sty"
Package: tabu 2019/01/11 v2.9 - flexible LaTeX tabulars (FC+tabu-fixed)

("C:\Users\benco.DESKTOP-K1JS793\AppData\Local\Programs\MiKTeX 2.9\tex/latex/va
rwidth\varwidth.sty"
Package: varwidth 2009/03/30 ver 0.92;  Variable-width minipages
\@vwid@box=\box58
\sift@deathcycles=\count301
\@vwid@loff=\dimen185
\@vwid@roff=\dimen186
)
\c@taburow=\count302
\tabu@nbcols=\count303
\tabu@cnt=\count304
\tabu@Xcol=\count305
\tabu@alloc=\count306
\tabu@nested=\count307
\tabu@target=\dimen187
\tabu@spreadtarget=\dimen188
\tabu@naturalX=\dimen189
\tabucolX=\dimen190
\tabu@Xsum=\dimen191
\extrarowdepth=\dimen192
\abovetabulinesep=\dimen193
\belowtabulinesep=\dimen194
\tabustrutrule=\dimen195
\tabu@thebody=\toks30
\tabu@footnotes=\toks31
\tabu@box=\box59
\tabu@arstrutbox=\box60
\tabu@hleads=\box61
\tabu@vleads=\box62
\tabu@cellskip=\skip66
)
("C:\Users\benco.DESKTOP-K1JS793\AppData\Local\Programs\MiKTeX 2.9\tex/latex/th
reeparttable\threeparttable.sty"
Package: threeparttable 2003/06/13  v 3.0
\@tempboxb=\box63
)
("C:\Users\benco.DESKTOP-K1JS793\AppData\Local\Programs\MiKTeX 2.9\tex/latex/th
reeparttablex\threeparttablex.sty"
Package: threeparttablex 2013/07/23 v0.3 by daleif

("C:\Users\benco.DESKTOP-K1JS793\AppData\Local\Programs\MiKTeX 2.9\tex/latex/en
viron\environ.sty"
Package: environ 2014/05/04 v0.3 A new way to define environments

("C:\Users\benco.DESKTOP-K1JS793\AppData\Local\Programs\MiKTeX 2.9\tex/latex/tr
imspaces\trimspaces.sty"
Package: trimspaces 2009/09/17 v1.1 Trim spaces around a token list
))
\TPTL@width=\skip67
)
("C:\Users\benco.DESKTOP-K1JS793\AppData\Local\Programs\MiKTeX 2.9\tex/latex/ul
em\ulem.sty"
\UL@box=\box64
\UL@hyphenbox=\box65
\UL@skip=\skip68
\UL@hook=\toks32
\UL@height=\dimen196
\UL@pe=\count308
\UL@pixel=\dimen197
\ULC@box=\box66
Package: ulem 2012/05/18
\ULdepth=\dimen198
)
("C:\Users\benco.DESKTOP-K1JS793\AppData\Local\Programs\MiKTeX 2.9\tex/latex/ma
kecell\makecell.sty"
Package: makecell 2009/08/03 V0.1e Managing of Tab Column Heads and Cells
\rotheadsize=\dimen199
\c@nlinenum=\count309
\TeXr@lab=\toks33
)
("C:\Users\benco.DESKTOP-K1JS793\AppData\Local\Programs\MiKTeX 2.9\tex/latex/xc
olor\xcolor.sty"
Package: xcolor 2016/05/11 v2.12 LaTeX color extensions (UK)

("C:\Users\benco.DESKTOP-K1JS793\AppData\Local\Programs\MiKTeX 2.9\tex/latex/gr
aphics-cfg\color.cfg"
File: color.cfg 2016/01/02 v1.6 sample color configuration
)
Package xcolor Info: Driver file: xetex.def on input line 225.
LaTeX Info: Redefining \color on input line 709.
Package xcolor Info: Model `cmy' substituted by `cmy0' on input line 1348.
Package xcolor Info: Model `RGB' extended on input line 1364.
Package xcolor Info: Model `HTML' substituted by `rgb' on input line 1366.
Package xcolor Info: Model `Hsb' substituted by `hsb' on input line 1367.
Package xcolor Info: Model `tHsb' substituted by `hsb' on input line 1368.
Package xcolor Info: Model `HSB' substituted by `hsb' on input line 1369.
Package xcolor Info: Model `Gray' substituted by `gray' on input line 1370.
Package xcolor Info: Model `wave' substituted by `hsb' on input line 1371.
) (ML_rmd_2.1.aux

LaTeX Warning: Label `tab:unnamed-chunk-2' multiply defined.


LaTeX Warning: Label `tab:unnamed-chunk-8' multiply defined.


LaTeX Warning: Label `tab:unnamed-chunk-17' multiply defined.


LaTeX Warning: Label `tab:unnamed-chunk-17' multiply defined.

)
\openout1 = `ML_rmd_2.1.aux'.

LaTeX Font Info:    Checking defaults for OML/cmm/m/it on input line 148.
LaTeX Font Info:    ... okay on input line 148.
LaTeX Font Info:    Checking defaults for T1/cmr/m/n on input line 148.
LaTeX Font Info:    ... okay on input line 148.
LaTeX Font Info:    Checking defaults for OT1/cmr/m/n on input line 148.
LaTeX Font Info:    ... okay on input line 148.
LaTeX Font Info:    Checking defaults for OMS/cmsy/m/n on input line 148.
LaTeX Font Info:    ... okay on input line 148.
LaTeX Font Info:    Checking defaults for TU/lmr/m/n on input line 148.
LaTeX Font Info:    ... okay on input line 148.
LaTeX Font Info:    Checking defaults for OMX/cmex/m/n on input line 148.
LaTeX Font Info:    ... okay on input line 148.
LaTeX Font Info:    Checking defaults for U/cmr/m/n on input line 148.
LaTeX Font Info:    ... okay on input line 148.
LaTeX Font Info:    Checking defaults for TS1/cmr/m/n on input line 148.
LaTeX Font Info:    Try loading font information for TS1+cmr on input line 148.


("C:\Users\benco.DESKTOP-K1JS793\AppData\Local\Programs\MiKTeX 2.9\tex/latex/ba
se\ts1cmr.fd"
File: ts1cmr.fd 2014/09/29 v2.5h Standard LaTeX font definitions
)
LaTeX Font Info:    ... okay on input line 148.
LaTeX Font Info:    Checking defaults for PD1/pdf/m/n on input line 148.
LaTeX Font Info:    ... okay on input line 148.
LaTeX Font Info:    Checking defaults for PU/pdf/m/n on input line 148.
LaTeX Font Info:    ... okay on input line 148.
LaTeX Info: Redefining \microtypecontext on input line 148.
Package microtype Info: Character protrusion enabled (level 2).
Package microtype Info: Using protrusion set `basicmath'.
Package microtype Info: No adjustment of tracking.
Package microtype Info: No adjustment of spacing.
Package microtype Info: No adjustment of kerning.
Package microtype Info: Loading generic protrusion settings for font family
(microtype)             `ArialNova' (encoding: TU).
(microtype)             For optimal results, create family-specific settings.
(microtype)             See the microtype manual for details.
*geometry* detected driver: pdftex
*geometry* verbose mode - [ preamble ] result:
* driver: pdftex
* paper: <default>
* layout: <same size as paper>
* layoutoffset:(h,v)=(0.0pt,0.0pt)
* modes: 
* h-part:(L,W,R)=(42.67912pt, 528.93675pt, 42.67912pt)
* v-part:(T,H,B)=(42.67912pt, 709.61174pt, 42.67912pt)
* \paperwidth=614.295pt
* \paperheight=794.96999pt
* \textwidth=528.93675pt
* \textheight=709.61174pt
* \oddsidemargin=-29.59087pt
* \evensidemargin=-29.59087pt
* \topmargin=-66.59087pt
* \headheight=12.0pt
* \headsep=25.0pt
* \topskip=11.0pt
* \footskip=30.0pt
* \marginparwidth=59.0pt
* \marginparsep=10.0pt
* \columnsep=10.0pt
* \skip\footins=10.0pt plus 4.0pt minus 2.0pt
* \hoffset=0.0pt
* \voffset=0.0pt
* \mag=1000
* \@twocolumnfalse
* \@twosidefalse
* \@mparswitchfalse
* \@reversemarginfalse
* (1in=72.27pt=25.4mm, 1cm=28.453pt)

\AtBeginShipoutBox=\box67
Package hyperref Info: Link coloring ON on input line 148.

("C:\Users\benco.DESKTOP-K1JS793\AppData\Local\Programs\MiKTeX 2.9\tex/latex/hy
perref\nameref.sty"
Package: nameref 2016/05/21 v2.44 Cross-referencing by name of section

("C:\Users\benco.DESKTOP-K1JS793\AppData\Local\Programs\MiKTeX 2.9\tex/generic/
oberdiek\gettitlestring.sty"
Package: gettitlestring 2016/05/16 v1.5 Cleanup title references (HO)
)
\c@section@level=\count310
)
LaTeX Info: Redefining \ref on input line 148.
LaTeX Info: Redefining \pageref on input line 148.
LaTeX Info: Redefining \nameref on input line 148.
(ML_rmd_2.1.out) (ML_rmd_2.1.out)
\@outlinefile=\write4
\openout4 = `ML_rmd_2.1.out'.

LaTeX Font Info:    Font shape `TU/ArialNova(0)/m/n' will be
(Font)              scaled to size 17.25443pt on input line 149.
LaTeX Font Info:    Font shape `TU/ArialNova(0)/m/n' will be
(Font)              scaled to size 9.98328pt on input line 149.
LaTeX Font Info:    Font shape `TU/ArialNova(0)/m/it' will be
(Font)              scaled to size 9.98328pt on input line 149.
LaTeX Font Info:    Font shape `TU/ArialNova(0)/m/n' will be
(Font)              scaled to size 11.97992pt on input line 154.
LaTeX Font Info:    Font shape `TU/ArialNova(0)/bx/n' will be
(Font)              scaled to size 11.97992pt on input line 154.
(ML_rmd_2.1.toc
LaTeX Font Info:    Font shape `TU/ArialNova(0)/bx/n' will be
(Font)              scaled to size 9.10973pt on input line 1.
LaTeX Font Info:    Try loading font information for OT1+lmr on input line 2.

("C:\Users\benco.DESKTOP-K1JS793\AppData\Local\Programs\MiKTeX 2.9\tex/latex/lm
\ot1lmr.fd"
File: ot1lmr.fd 2009/10/30 v1.6 Font defs for Latin Modern
)
("C:\Users\benco.DESKTOP-K1JS793\AppData\Local\Programs\MiKTeX 2.9\tex/latex/mi
crotype\mt-LatinModernRoman.cfg"
File: mt-LatinModernRoman.cfg 2013/03/13 v1.0 microtype config. file: Latin Mod
ern Roman (RS)
)
LaTeX Font Info:    Try loading font information for OML+lmm on input line 2.

("C:\Users\benco.DESKTOP-K1JS793\AppData\Local\Programs\MiKTeX 2.9\tex/latex/lm
\omllmm.fd"
File: omllmm.fd 2009/10/30 v1.6 Font defs for Latin Modern
)
LaTeX Font Info:    Try loading font information for OMS+lmsy on input line 2.

("C:\Users\benco.DESKTOP-K1JS793\AppData\Local\Programs\MiKTeX 2.9\tex/latex/lm
\omslmsy.fd"
File: omslmsy.fd 2009/10/30 v1.6 Font defs for Latin Modern
)
LaTeX Font Info:    Try loading font information for OMX+lmex on input line 2.

("C:\Users\benco.DESKTOP-K1JS793\AppData\Local\Programs\MiKTeX 2.9\tex/latex/lm
\omxlmex.fd"
File: omxlmex.fd 2009/10/30 v1.6 Font defs for Latin Modern
)
LaTeX Font Info:    External font `lmex10' loaded for size
(Font)              <10.95> on input line 2.
LaTeX Font Info:    External font `lmex10' loaded for size
(Font)              <8> on input line 2.
LaTeX Font Info:    External font `lmex10' loaded for size
(Font)              <6> on input line 2.
LaTeX Font Info:    Try loading font information for U+msa on input line 2.

("C:\Users\benco.DESKTOP-K1JS793\AppData\Local\Programs\MiKTeX 2.9\tex/latex/am
sfonts\umsa.fd"
File: umsa.fd 2013/01/14 v3.01 AMS symbols A
)
("C:\Users\benco.DESKTOP-K1JS793\AppData\Local\Programs\MiKTeX 2.9\tex/latex/mi
crotype\mt-msa.cfg"
File: mt-msa.cfg 2006/02/04 v1.1 microtype config. file: AMS symbols (a) (RS)
)
LaTeX Font Info:    Try loading font information for U+msb on input line 2.

("C:\Users\benco.DESKTOP-K1JS793\AppData\Local\Programs\MiKTeX 2.9\tex/latex/am
sfonts\umsb.fd"
File: umsb.fd 2013/01/14 v3.01 AMS symbols B
)
("C:\Users\benco.DESKTOP-K1JS793\AppData\Local\Programs\MiKTeX 2.9\tex/latex/mi
crotype\mt-msb.cfg"
File: mt-msb.cfg 2005/06/01 v1.0 microtype config. file: AMS symbols (b) (RS)
))
\tf@toc=\write5
\openout5 = `ML_rmd_2.1.toc'.

[1

]
LaTeX Font Info:    Font shape `TU/ArialNova(0)/bx/n' will be
(Font)              scaled to size 9.98328pt on input line 161.
[2]

Package xcolor Warning: Incompatible color definition on input line 230.

LaTeX Font Info:    Font shape `TU/lmtt/bx/n' in size <10.95> not available
(Font)              Font shape `TU/lmtt/b/n' tried instead on input line 232.

Package xcolor Warning: Incompatible color definition on input line 251.


Package xcolor Warning: Incompatible color definition on input line 251.

[3]

Package xcolor Warning: Incompatible color definition on input line 260.


Package xcolor Warning: Incompatible color definition on input line 264.


Package xcolor Warning: Incompatible color definition on input line 264.


Package xcolor Warning: Incompatible color definition on input line 278.


Package xcolor Warning: Incompatible color definition on input line 287.


Package xcolor Warning: Incompatible color definition on input line 287.

LaTeX Font Info:    Font shape `TU/ArialNova(0)/m/n' will be
(Font)              scaled to size 7.07149pt on input line 293.
LaTeX Font Info:    Calculating math sizes for size <8.5> on input line 294.
LaTeX Font Info:    External font `lmex10' loaded for size
(Font)              <8.5> on input line 294.
LaTeX Font Info:    External font `lmex10' loaded for size
(Font)              <5.94997> on input line 294.
LaTeX Font Info:    External font `lmex10' loaded for size
(Font)              <4.25> on input line 294.

Package xcolor Warning: Incompatible color definition on input line 341.


Package xcolor Warning: Incompatible color definition on input line 348.


Package xcolor Warning: Incompatible color definition on input line 348.


Package xcolor Warning: Incompatible color definition on input line 410.


Package xcolor Warning: Incompatible color definition on input line 422.


Package xcolor Warning: Incompatible color definition on input line 422.


Package xcolor Warning: Incompatible color definition on input line 422.

[4]

Package xcolor Warning: Incompatible color definition on input line 422.


Package xcolor Warning: Incompatible color definition on input line 422.


Package xcolor Warning: Incompatible color definition on input line 444.


Package xcolor Warning: Incompatible color definition on input line 475.


Package xcolor Warning: Incompatible color definition on input line 475.


Package xcolor Warning: Incompatible color definition on input line 475.

[5]

Package xcolor Warning: Incompatible color definition on input line 475.


Package xcolor Warning: Incompatible color definition on input line 475.


Package xcolor Warning: Incompatible color definition on input line 533.


Package xcolor Warning: Incompatible color definition on input line 544.


Package xcolor Warning: Incompatible color definition on input line 544.


Package xcolor Warning: Incompatible color definition on input line 551.

[6]

Package xcolor Warning: Incompatible color definition on input line 576.


Package xcolor Warning: Incompatible color definition on input line 576.

File: ML_rmd_2.1_files/figure-latex/unnamed-chunk-5-1.pdf Graphic file (type pd
f)
<use ML_rmd_2.1_files/figure-latex/unnamed-chunk-5-1.pdf>

Package xcolor Warning: Incompatible color definition on input line 580.

[7]

Package xcolor Warning: Incompatible color definition on input line 601.


Package xcolor Warning: Incompatible color definition on input line 601.

File: ML_rmd_2.1_files/figure-latex/unnamed-chunk-6-1.pdf Graphic file (type pd
f)
<use ML_rmd_2.1_files/figure-latex/unnamed-chunk-6-1.pdf>
[8] [9]

Package xcolor Warning: Incompatible color definition on input line 611.


Package xcolor Warning: Incompatible color definition on input line 632.


Package xcolor Warning: Incompatible color definition on input line 632.

File: ML_rmd_2.1_files/figure-latex/unnamed-chunk-7-1.pdf Graphic file (type pd
f)
<use ML_rmd_2.1_files/figure-latex/unnamed-chunk-7-1.pdf>

Package xcolor Warning: Incompatible color definition on input line 636.

[10]

Package xcolor Warning: Incompatible color definition on input line 657.


Package xcolor Warning: Incompatible color definition on input line 657.


Underfull \vbox (badness 10000) detected at line 657
 []


Package xcolor Warning: Incompatible color definition on input line 657.

[11]

Package xcolor Warning: Incompatible color definition on input line 657.


Package xcolor Warning: Incompatible color definition on input line 657.

File: ML_rmd_2.1_files/figure-latex/unnamed-chunk-7-2.pdf Graphic file (type pd
f)
<use ML_rmd_2.1_files/figure-latex/unnamed-chunk-7-2.pdf>
[12]

Package xcolor Warning: Incompatible color definition on input line 673.

[13]

Package xcolor Warning: Incompatible color definition on input line 698.


Package xcolor Warning: Incompatible color definition on input line 698.


Package xcolor Warning: Incompatible color definition on input line 813.


Package xcolor Warning: Incompatible color definition on input line 914.


Package xcolor Warning: Incompatible color definition on input line 914.


Package xcolor Warning: Incompatible color definition on input line 914.

[14]

Package xcolor Warning: Incompatible color definition on input line 914.


Package xcolor Warning: Incompatible color definition on input line 914.


Underfull \vbox (badness 10000) detected at line 914
 []


Overfull \vbox (1.86298pt too high) detected at line 914
 []


Package xcolor Warning: Incompatible color definition on input line 914.

[15]

Package xcolor Warning: Incompatible color definition on input line 914.


Package xcolor Warning: Incompatible color definition on input line 914.


Underfull \vbox (badness 10000) detected at line 914
 []


Underfull \vbox (badness 10000) detected at line 914
 []


Package xcolor Warning: Incompatible color definition on input line 914.

[16]

Package xcolor Warning: Incompatible color definition on input line 914.


Package xcolor Warning: Incompatible color definition on input line 914.

File: ML_rmd_2.1_files/figure-latex/unnamed-chunk-9-1.pdf Graphic file (type pd
f)
<use ML_rmd_2.1_files/figure-latex/unnamed-chunk-9-1.pdf>

Package xcolor Warning: Incompatible color definition on input line 933.

[17]

Package xcolor Warning: Incompatible color definition on input line 945.


Package xcolor Warning: Incompatible color definition on input line 945.

File: ML_rmd_2.1_files/figure-latex/unnamed-chunk-10-1.pdf Graphic file (type p
df)
<use ML_rmd_2.1_files/figure-latex/unnamed-chunk-10-1.pdf>

Package xcolor Warning: Incompatible color definition on input line 960.


Package xcolor Warning: Incompatible color definition on input line 975.


Package xcolor Warning: Incompatible color definition on input line 975.


Overfull \vbox (1.09734pt too high) detected at line 975
 []


Package xcolor Warning: Incompatible color definition on input line 975.

[18]

Package xcolor Warning: Incompatible color definition on input line 975.


Package xcolor Warning: Incompatible color definition on input line 975.

File: ML_rmd_2.1_files/figure-latex/unnamed-chunk-11-1.pdf Graphic file (type p
df)
<use ML_rmd_2.1_files/figure-latex/unnamed-chunk-11-1.pdf>

Package xcolor Warning: Incompatible color definition on input line 988.


Package xcolor Warning: Incompatible color definition on input line 1000.


Package xcolor Warning: Incompatible color definition on input line 1000.

File: ML_rmd_2.1_files/figure-latex/unnamed-chunk-12-1.pdf Graphic file (type p
df)
<use ML_rmd_2.1_files/figure-latex/unnamed-chunk-12-1.pdf>

Package xcolor Warning: Incompatible color definition on input line 1008.

[19]

Package xcolor Warning: Incompatible color definition on input line 1023.


Package xcolor Warning: Incompatible color definition on input line 1023.

File: ML_rmd_2.1_files/figure-latex/unnamed-chunk-12-2.pdf Graphic file (type p
df)
<use ML_rmd_2.1_files/figure-latex/unnamed-chunk-12-2.pdf>
[20]

Package xcolor Warning: Incompatible color definition on input line 1038.


Package xcolor Warning: Incompatible color definition on input line 1089.


Package xcolor Warning: Incompatible color definition on input line 1089.

[21]
File: ML_rmd_2.1_files/figure-latex/unnamed-chunk-13-1.pdf Graphic file (type p
df)
<use ML_rmd_2.1_files/figure-latex/unnamed-chunk-13-1.pdf>

Package xcolor Warning: Incompatible color definition on input line 1107.

[22]

Package xcolor Warning: Incompatible color definition on input line 1163.


Package xcolor Warning: Incompatible color definition on input line 1163.


Underfull \vbox (badness 10000) detected at line 1163
 []


Underfull \vbox (badness 10000) detected at line 1163
 []


Package xcolor Warning: Incompatible color definition on input line 1163.

[23]

Package xcolor Warning: Incompatible color definition on input line 1163.


Package xcolor Warning: Incompatible color definition on input line 1163.


Package xcolor Warning: Incompatible color definition on input line 1165.


Package xcolor Warning: Incompatible color definition on input line 1174.


Package xcolor Warning: Incompatible color definition on input line 1174.

File: ML_rmd_2.1_files/figure-latex/unnamed-chunk-16-1.pdf Graphic file (type p
df)
<use ML_rmd_2.1_files/figure-latex/unnamed-chunk-16-1.pdf>
[24] [25] [26]

Package xcolor Warning: Incompatible color definition on input line 1210.


Package xcolor Warning: Incompatible color definition on input line 1235.


Package xcolor Warning: Incompatible color definition on input line 1235.


Package xcolor Warning: Incompatible color definition on input line 1255.


Package xcolor Warning: Incompatible color definition on input line 1266.


Package xcolor Warning: Incompatible color definition on input line 1266.


Package xcolor Warning: Incompatible color definition on input line 1266.

[27]

Package xcolor Warning: Incompatible color definition on input line 1266.


Package xcolor Warning: Incompatible color definition on input line 1266.

LaTeX Font Info:    Font shape `TU/ArialNova(0)/m/n' will be
(Font)              scaled to size 6.65552pt on input line 1272.
LaTeX Font Info:    External font `lmex10' loaded for size
(Font)              <5> on input line 1273.

Overfull \hbox (1.34532pt too wide) in paragraph at lines 1317--1317
 []\TU/ArialNova(0)/m/n/8 case_id|
 []


Overfull \hbox (11.50084pt too wide) in paragraph at lines 1317--1317
[]\TU/ArialNova(0)/m/n/8 companyId|  
 []


Overfull \hbox (6.67819pt too wide) in paragraph at lines 1317--1317
[]\TU/ArialNova(0)/m/n/8 countryId|  
 []


Overfull \hbox (12.13455pt too wide) in paragraph at lines 1317--1317
[]\TU/ArialNova(0)/m/n/8 deviceType|  
 []


Overfull \hbox (2.48274pt too wide) in paragraph at lines 1317--1317
 []\TU/ArialNova(0)/m/n/8 ad_area|
 []


Overfull \hbox (2.51524pt too wide) in paragraph at lines 1317--1317
 []\TU/ArialNova(0)/m/n/8 ad_ratio|
 []


Overfull \hbox (4.33511pt too wide) in paragraph at lines 1317--1317
 []\TU/ArialNova(0)/m/n/8 requests|
 []


Overfull \hbox (11.00688pt too wide) in paragraph at lines 1317--1317
 []\TU/ArialNova(0)/m/n/8 impression|
 []


Overfull \hbox (9.10252pt too wide) in paragraph at lines 1317--1317
 []\TU/ArialNova(0)/m/n/8 viewability|
 []


Overfull \hbox (2.81422pt too wide) in paragraph at lines 1317--1317
 []\TU/ArialNova(0)/m/n/8 128,648|
 []


Overfull \hbox (13.17122pt too wide) in paragraph at lines 1317--1317
[]\TU/ArialNova(0)/m/n/8 Wednesday|  
 []


Overfull \hbox (5.0923pt too wide) in paragraph at lines 1317--1317
[]\TU/ArialNova(0)/m/n/8 Saturday|  
 []


Overfull \hbox (1.10484pt too wide) in paragraph at lines 1317--1317
[]\TU/ArialNova(0)/m/n/8 Sunday|  
 []


Overfull \hbox (2.81422pt too wide) in paragraph at lines 1317--1317
 []\TU/ArialNova(0)/m/n/8 117,805|
 []


Overfull \hbox (2.36575pt too wide) in paragraph at lines 1317--1317
[]\TU/ArialNova(0)/m/n/8 Monday|  
 []


Overfull \hbox (3.0612pt too wide) in paragraph at lines 1317--1317
[]\TU/ArialNova(0)/m/n/8 Tuesday|  
 []


Overfull \hbox (2.81422pt too wide) in paragraph at lines 1317--1317
 []\TU/ArialNova(0)/m/n/8 106,357|
 []


Overfull \hbox (1.10484pt too wide) in paragraph at lines 1317--1317
[]\TU/ArialNova(0)/m/n/8 Sunday|  
 []


Overfull \hbox (2.81422pt too wide) in paragraph at lines 1317--1317
 []\TU/ArialNova(0)/m/n/8 129,661|
 []


Overfull \hbox (13.17122pt too wide) in paragraph at lines 1317--1317
[]\TU/ArialNova(0)/m/n/8 Wednesday|  
 []


Overfull \hbox (2.81422pt too wide) in paragraph at lines 1317--1317
 []\TU/ArialNova(0)/m/n/8 178,825|
 []


Overfull \hbox (3.0612pt too wide) in paragraph at lines 1317--1317
[]\TU/ArialNova(0)/m/n/8 Tuesday|  
 []


Overfull \hbox (5.0923pt too wide) in paragraph at lines 1317--1317
[]\TU/ArialNova(0)/m/n/8 Saturday|  
 []


Overfull \hbox (2.81422pt too wide) in paragraph at lines 1317--1317
 []\TU/ArialNova(0)/m/n/8 18.0000|
 []


Overfull \hbox (2.81422pt too wide) in paragraph at lines 1317--1317
 []\TU/ArialNova(0)/m/n/8 173,674|
 []


Overfull \hbox (3.0612pt too wide) in paragraph at lines 1317--1317
[]\TU/ArialNova(0)/m/n/8 Tuesday|  
 []


Overfull \hbox (2.81422pt too wide) in paragraph at lines 1317--1317
 []\TU/ArialNova(0)/m/n/8 202,874|
 []


Overfull \hbox (5.0923pt too wide) in paragraph at lines 1317--1317
[]\TU/ArialNova(0)/m/n/8 Saturday|  
 []


Overfull \hbox (2.81422pt too wide) in paragraph at lines 1317--1317
 []\TU/ArialNova(0)/m/n/8 18.0000|
 []


Overfull \hbox (2.81422pt too wide) in paragraph at lines 1317--1317
 []\TU/ArialNova(0)/m/n/8 124,197|
 []


Overfull \hbox (3.0612pt too wide) in paragraph at lines 1317--1317
[]\TU/ArialNova(0)/m/n/8 Tuesday|  
 []


Overfull \hbox (13.17122pt too wide) in paragraph at lines 1317--1317
[]\TU/ArialNova(0)/m/n/8 Wednesday|  
 []


Overfull \hbox (5.0923pt too wide) in paragraph at lines 1317--1317
[]\TU/ArialNova(0)/m/n/8 Saturday|  
 []


Overfull \hbox (2.81422pt too wide) in paragraph at lines 1317--1317
 []\TU/ArialNova(0)/m/n/8 14.0400|
 []


Overfull \hbox (13.17122pt too wide) in paragraph at lines 1317--1317
[]\TU/ArialNova(0)/m/n/8 Wednesday|  
 []


Overfull \hbox (2.81422pt too wide) in paragraph at lines 1317--1317
 []\TU/ArialNova(0)/m/n/8 127,966|
 []


Overfull \hbox (13.17122pt too wide) in paragraph at lines 1317--1317
[]\TU/ArialNova(0)/m/n/8 Wednesday|  
 []


Overfull \hbox (13.17122pt too wide) in paragraph at lines 1317--1317
[]\TU/ArialNova(0)/m/n/8 Wednesday|  
 []


Overfull \hbox (2.81422pt too wide) in paragraph at lines 1317--1317
 []\TU/ArialNova(0)/m/n/8 141,192|
 []


Overfull \hbox (6.29797pt too wide) in paragraph at lines 1317--1317
[]\TU/ArialNova(0)/m/n/8 Thursday|  
 []


Package xcolor Warning: Incompatible color definition on input line 1320.


Package xcolor Warning: Incompatible color definition on input line 1332.


Package xcolor Warning: Incompatible color definition on input line 1332.


Overfull \hbox (3.28995pt too wide) in paragraph at lines 1383--1383
 []\TU/ArialNova(0)/m/n/8 case_id|
 []


Overfull \hbox (2.67575pt too wide) in paragraph at lines 1383--1383
 []\TU/ArialNova(0)/m/n/8 ln_impr|
 []


Overfull \hbox (21.99886pt too wide) in paragraph at lines 1383--1383
 []\TU/ArialNova(0)/m/n/8 norm_case_id|
 []


Overfull \hbox (10.04622pt too wide) in paragraph at lines 1383--1383
 []\TU/ArialNova(0)/m/n/8 norm_day|
 []


Overfull \hbox (18.12514pt too wide) in paragraph at lines 1383--1383
 []\TU/ArialNova(0)/m/n/8 norm_price1|
 []


Overfull \hbox (18.12514pt too wide) in paragraph at lines 1383--1383
 []\TU/ArialNova(0)/m/n/8 norm_price2|
 []


Overfull \hbox (18.12514pt too wide) in paragraph at lines 1383--1383
 []\TU/ArialNova(0)/m/n/8 norm_price3|
 []


Overfull \hbox (4.75885pt too wide) in paragraph at lines 1383--1383
 []\TU/ArialNova(0)/m/n/8 128,648|
 []


Overfull \hbox (1.05737pt too wide) in paragraph at lines 1383--1383
 []\TU/ArialNova(0)/m/n/8 0.0294|
 []


Overfull \hbox (1.05737pt too wide) in paragraph at lines 1383--1383
 []\TU/ArialNova(0)/m/n/8 0.6008|
 []


Overfull \hbox (4.75885pt too wide) in paragraph at lines 1383--1383
 []\TU/ArialNova(0)/m/n/8 0.00681|
 []


Overfull \hbox (4.75885pt too wide) in paragraph at lines 1383--1383
 []\TU/ArialNova(0)/m/n/8 0.00158|
 []


Overfull \hbox (4.75885pt too wide) in paragraph at lines 1383--1383
 []\TU/ArialNova(0)/m/n/8 0.00253|
 []


Overfull \hbox (1.05737pt too wide) in paragraph at lines 1383--1383
 []\TU/ArialNova(0)/m/n/8 91,462|
 []


Overfull \hbox (1.05737pt too wide) in paragraph at lines 1383--1383
 []\TU/ArialNova(0)/m/n/8 0.0000|
 []


Overfull \hbox (1.05737pt too wide) in paragraph at lines 1383--1383
 []\TU/ArialNova(0)/m/n/8 0.4271|
 []


Overfull \hbox (4.75885pt too wide) in paragraph at lines 1383--1383
 []\TU/ArialNova(0)/m/n/8 0.01225|
 []


Overfull \hbox (4.75885pt too wide) in paragraph at lines 1383--1383
 []\TU/ArialNova(0)/m/n/8 0.00840|
 []


Overfull \hbox (4.75885pt too wide) in paragraph at lines 1383--1383
 []\TU/ArialNova(0)/m/n/8 0.01334|
 []


Overfull \hbox (1.05737pt too wide) in paragraph at lines 1383--1383
 []\TU/ArialNova(0)/m/n/8 1.0000|
 []


Overfull \hbox (1.05737pt too wide) in paragraph at lines 1383--1383
 []\TU/ArialNova(0)/m/n/8 0.0087|
 []


Overfull \hbox (4.75885pt too wide) in paragraph at lines 1383--1383
 []\TU/ArialNova(0)/m/n/8 0.00000|
 []


Overfull \hbox (4.75885pt too wide) in paragraph at lines 1383--1383
 []\TU/ArialNova(0)/m/n/8 0.00000|
 []


Overfull \hbox (4.75885pt too wide) in paragraph at lines 1383--1383
 []\TU/ArialNova(0)/m/n/8 0.00000|
 []


Overfull \hbox (1.05737pt too wide) in paragraph at lines 1383--1383
 []\TU/ArialNova(0)/m/n/8 57,676|
 []


Overfull \hbox (1.05737pt too wide) in paragraph at lines 1383--1383
 []\TU/ArialNova(0)/m/n/8 0.0000|
 []


Overfull \hbox (1.05737pt too wide) in paragraph at lines 1383--1383
 []\TU/ArialNova(0)/m/n/8 0.2693|
 []


Overfull \hbox (4.75885pt too wide) in paragraph at lines 1383--1383
 []\TU/ArialNova(0)/m/n/8 0.00681|
 []


Overfull \hbox (4.75885pt too wide) in paragraph at lines 1383--1383
 []\TU/ArialNova(0)/m/n/8 0.00158|
 []


Overfull \hbox (4.75885pt too wide) in paragraph at lines 1383--1383
 []\TU/ArialNova(0)/m/n/8 0.00253|
 []


Overfull \hbox (4.75885pt too wide) in paragraph at lines 1383--1383
 []\TU/ArialNova(0)/m/n/8 117,805|
 []


Overfull \hbox (1.05737pt too wide) in paragraph at lines 1383--1383
 []\TU/ArialNova(0)/m/n/8 1.0000|
 []


Overfull \hbox (1.05737pt too wide) in paragraph at lines 1383--1383
 []\TU/ArialNova(0)/m/n/8 0.5502|
 []


Overfull \hbox (4.75885pt too wide) in paragraph at lines 1383--1383
 []\TU/ArialNova(0)/m/n/8 0.38802|
 []


Overfull \hbox (4.75885pt too wide) in paragraph at lines 1383--1383
 []\TU/ArialNova(0)/m/n/8 0.09030|
 []


Overfull \hbox (4.75885pt too wide) in paragraph at lines 1383--1383
 []\TU/ArialNova(0)/m/n/8 0.07221|
 []


Overfull \hbox (1.05737pt too wide) in paragraph at lines 1383--1383
 []\TU/ArialNova(0)/m/n/8 44,642|
 []


Overfull \hbox (1.05737pt too wide) in paragraph at lines 1383--1383
 []\TU/ArialNova(0)/m/n/8 0.0000|
 []


Overfull \hbox (1.05737pt too wide) in paragraph at lines 1383--1383
 []\TU/ArialNova(0)/m/n/8 0.2085|
 []


Overfull \hbox (4.75885pt too wide) in paragraph at lines 1383--1383
 []\TU/ArialNova(0)/m/n/8 0.00340|
 []


Overfull \hbox (4.75885pt too wide) in paragraph at lines 1383--1383
 []\TU/ArialNova(0)/m/n/8 0.00079|
 []


Overfull \hbox (4.75885pt too wide) in paragraph at lines 1383--1383
 []\TU/ArialNova(0)/m/n/8 0.00063|
 []


Overfull \hbox (1.05737pt too wide) in paragraph at lines 1383--1383
 []\TU/ArialNova(0)/m/n/8 24,282|
 []


Overfull \hbox (1.05737pt too wide) in paragraph at lines 1383--1383
 []\TU/ArialNova(0)/m/n/8 1.0000|
 []


Overfull \hbox (1.05737pt too wide) in paragraph at lines 1383--1383
 []\TU/ArialNova(0)/m/n/8 0.1134|
 []


Overfull \hbox (4.75885pt too wide) in paragraph at lines 1383--1383
 []\TU/ArialNova(0)/m/n/8 0.00000|
 []


Overfull \hbox (4.75885pt too wide) in paragraph at lines 1383--1383
 []\TU/ArialNova(0)/m/n/8 0.00000|
 []


Overfull \hbox (4.75885pt too wide) in paragraph at lines 1383--1383
 []\TU/ArialNova(0)/m/n/8 0.00000|
 []


Overfull \hbox (4.75885pt too wide) in paragraph at lines 1383--1383
 []\TU/ArialNova(0)/m/n/8 106,357|
 []


Overfull \hbox (1.05737pt too wide) in paragraph at lines 1383--1383
 []\TU/ArialNova(0)/m/n/8 0.0000|
 []


Overfull \hbox (1.05737pt too wide) in paragraph at lines 1383--1383
 []\TU/ArialNova(0)/m/n/8 0.4967|
 []


Overfull \hbox (4.75885pt too wide) in paragraph at lines 1383--1383
 []\TU/ArialNova(0)/m/n/8 0.00000|
 []


Overfull \hbox (4.75885pt too wide) in paragraph at lines 1383--1383
 []\TU/ArialNova(0)/m/n/8 0.00000|
 []


Overfull \hbox (4.75885pt too wide) in paragraph at lines 1383--1383
 []\TU/ArialNova(0)/m/n/8 0.00000|
 []


Overfull \hbox (4.75885pt too wide) in paragraph at lines 1383--1383
 []\TU/ArialNova(0)/m/n/8 129,661|
 []


Overfull \hbox (1.05737pt too wide) in paragraph at lines 1383--1383
 []\TU/ArialNova(0)/m/n/8 1.0556|
 []


Overfull \hbox (1.05737pt too wide) in paragraph at lines 1383--1383
 []\TU/ArialNova(0)/m/n/8 0.6055|
 []


Overfull \hbox (4.75885pt too wide) in paragraph at lines 1383--1383
 []\TU/ArialNova(0)/m/n/8 0.00000|
 []


Overfull \hbox (4.75885pt too wide) in paragraph at lines 1383--1383
 []\TU/ArialNova(0)/m/n/8 0.00000|
 []


Overfull \hbox (4.75885pt too wide) in paragraph at lines 1383--1383
 []\TU/ArialNova(0)/m/n/8 0.00000|
 []


Overfull \hbox (4.75885pt too wide) in paragraph at lines 1383--1383
 []\TU/ArialNova(0)/m/n/8 178,825|
 []


Overfull \hbox (1.05737pt too wide) in paragraph at lines 1383--1383
 []\TU/ArialNova(0)/m/n/8 1.0000|
 []


Overfull \hbox (1.05737pt too wide) in paragraph at lines 1383--1383
 []\TU/ArialNova(0)/m/n/8 0.8351|
 []


Overfull \hbox (4.75885pt too wide) in paragraph at lines 1383--1383
 []\TU/ArialNova(0)/m/n/8 0.02110|
 []


Overfull \hbox (4.75885pt too wide) in paragraph at lines 1383--1383
 []\TU/ArialNova(0)/m/n/8 0.02186|
 []


Overfull \hbox (4.75885pt too wide) in paragraph at lines 1383--1383
 []\TU/ArialNova(0)/m/n/8 0.03494|
 []


Overfull \hbox (1.05737pt too wide) in paragraph at lines 1383--1383
 []\TU/ArialNova(0)/m/n/8 48,986|
 []


Overfull \hbox (1.05737pt too wide) in paragraph at lines 1383--1383
 []\TU/ArialNova(0)/m/n/8 0.0031|
 []


Overfull \hbox (1.05737pt too wide) in paragraph at lines 1383--1383
 []\TU/ArialNova(0)/m/n/8 0.2288|
 []


Overfull \hbox (4.75885pt too wide) in paragraph at lines 1383--1383
 []\TU/ArialNova(0)/m/n/8 0.01157|
 []


Overfull \hbox (4.75885pt too wide) in paragraph at lines 1383--1383
 []\TU/ArialNova(0)/m/n/8 0.01965|
 []


Overfull \hbox (4.75885pt too wide) in paragraph at lines 1383--1383
 []\TU/ArialNova(0)/m/n/8 0.03143|
 []


Overfull \hbox (4.75885pt too wide) in paragraph at lines 1383--1383
 []\TU/ArialNova(0)/m/n/8 173,674|
 []


Overfull \hbox (1.05737pt too wide) in paragraph at lines 1383--1383
 []\TU/ArialNova(0)/m/n/8 0.1002|
 []


Overfull \hbox (1.05737pt too wide) in paragraph at lines 1383--1383
 []\TU/ArialNova(0)/m/n/8 0.8111|
 []


Overfull \hbox (4.75885pt too wide) in paragraph at lines 1383--1383
 []\TU/ArialNova(0)/m/n/8 0.07624|
 []


Overfull \hbox (4.75885pt too wide) in paragraph at lines 1383--1383
 []\TU/ArialNova(0)/m/n/8 0.04024|
 []


Overfull \hbox (4.75885pt too wide) in paragraph at lines 1383--1383
 []\TU/ArialNova(0)/m/n/8 0.06426|
 []


Overfull \hbox (4.75885pt too wide) in paragraph at lines 1383--1383
 []\TU/ArialNova(0)/m/n/8 202,874|
 []


Overfull \hbox (1.05737pt too wide) in paragraph at lines 1383--1383
 []\TU/ArialNova(0)/m/n/8 0.0000|
 []


Overfull \hbox (1.05737pt too wide) in paragraph at lines 1383--1383
 []\TU/ArialNova(0)/m/n/8 0.9474|
 []


Overfull \hbox (4.75885pt too wide) in paragraph at lines 1383--1383
 []\TU/ArialNova(0)/m/n/8 0.00068|
 []


Overfull \hbox (4.75885pt too wide) in paragraph at lines 1383--1383
 []\TU/ArialNova(0)/m/n/8 0.00713|
 []


Overfull \hbox (4.75885pt too wide) in paragraph at lines 1383--1383
 []\TU/ArialNova(0)/m/n/8 0.01128|
 []


Overfull \hbox (4.75885pt too wide) in paragraph at lines 1383--1383
 []\TU/ArialNova(0)/m/n/8 124,197|
 []


Overfull \hbox (1.05737pt too wide) in paragraph at lines 1383--1383
 []\TU/ArialNova(0)/m/n/8 0.0000|
 []


Overfull \hbox (1.05737pt too wide) in paragraph at lines 1383--1383
 []\TU/ArialNova(0)/m/n/8 0.5800|
 []


Overfull \hbox (4.75885pt too wide) in paragraph at lines 1383--1383
 []\TU/ArialNova(0)/m/n/8 0.00000|
 []


Overfull \hbox (4.75885pt too wide) in paragraph at lines 1383--1383
 []\TU/ArialNova(0)/m/n/8 0.00000|
 []


Overfull \hbox (4.75885pt too wide) in paragraph at lines 1383--1383
 []\TU/ArialNova(0)/m/n/8 0.00000|
 []


Overfull \hbox (1.05737pt too wide) in paragraph at lines 1383--1383
 []\TU/ArialNova(0)/m/n/8 30,209|
 []


Overfull \hbox (1.05737pt too wide) in paragraph at lines 1383--1383
 []\TU/ArialNova(0)/m/n/8 0.0000|
 []


Overfull \hbox (1.05737pt too wide) in paragraph at lines 1383--1383
 []\TU/ArialNova(0)/m/n/8 0.1411|
 []


Overfull \hbox (4.75885pt too wide) in paragraph at lines 1383--1383
 []\TU/ArialNova(0)/m/n/8 0.03880|
 []


Overfull \hbox (4.75885pt too wide) in paragraph at lines 1383--1383
 []\TU/ArialNova(0)/m/n/8 0.00903|
 []


Overfull \hbox (4.75885pt too wide) in paragraph at lines 1383--1383
 []\TU/ArialNova(0)/m/n/8 0.00724|
 []


Overfull \hbox (1.05737pt too wide) in paragraph at lines 1383--1383
 []\TU/ArialNova(0)/m/n/8 97,721|
 []


Overfull \hbox (1.05737pt too wide) in paragraph at lines 1383--1383
 []\TU/ArialNova(0)/m/n/8 0.0129|
 []


Overfull \hbox (1.05737pt too wide) in paragraph at lines 1383--1383
 []\TU/ArialNova(0)/m/n/8 0.4564|
 []


Overfull \hbox (4.75885pt too wide) in paragraph at lines 1383--1383
 []\TU/ArialNova(0)/m/n/8 0.03268|
 []


Overfull \hbox (4.75885pt too wide) in paragraph at lines 1383--1383
 []\TU/ArialNova(0)/m/n/8 0.01236|
 []


Overfull \hbox (4.75885pt too wide) in paragraph at lines 1383--1383
 []\TU/ArialNova(0)/m/n/8 0.01976|
 []


Overfull \hbox (1.05737pt too wide) in paragraph at lines 1383--1383
 []\TU/ArialNova(0)/m/n/8 29,316|
 []


Overfull \hbox (1.05737pt too wide) in paragraph at lines 1383--1383
 []\TU/ArialNova(0)/m/n/8 0.0478|
 []


Overfull \hbox (1.05737pt too wide) in paragraph at lines 1383--1383
 []\TU/ArialNova(0)/m/n/8 0.1369|
 []


Overfull \hbox (4.75885pt too wide) in paragraph at lines 1383--1383
 []\TU/ArialNova(0)/m/n/8 0.03676|
 []


Overfull \hbox (4.75885pt too wide) in paragraph at lines 1383--1383
 []\TU/ArialNova(0)/m/n/8 0.03628|
 []


Overfull \hbox (4.75885pt too wide) in paragraph at lines 1383--1383
 []\TU/ArialNova(0)/m/n/8 0.05792|
 []


Overfull \hbox (4.75885pt too wide) in paragraph at lines 1383--1383
 []\TU/ArialNova(0)/m/n/8 127,966|
 []


Overfull \hbox (1.05737pt too wide) in paragraph at lines 1383--1383
 []\TU/ArialNova(0)/m/n/8 0.0606|
 []


Overfull \hbox (1.05737pt too wide) in paragraph at lines 1383--1383
 []\TU/ArialNova(0)/m/n/8 0.5976|
 []


Overfull \hbox (4.75885pt too wide) in paragraph at lines 1383--1383
 []\TU/ArialNova(0)/m/n/8 0.00000|
 []


Overfull \hbox (4.75885pt too wide) in paragraph at lines 1383--1383
 []\TU/ArialNova(0)/m/n/8 0.00000|
 []


Overfull \hbox (4.75885pt too wide) in paragraph at lines 1383--1383
 []\TU/ArialNova(0)/m/n/8 0.00000|
 []


Overfull \hbox (1.05737pt too wide) in paragraph at lines 1383--1383
 []\TU/ArialNova(0)/m/n/8 29,618|
 []


Overfull \hbox (1.05737pt too wide) in paragraph at lines 1383--1383
 []\TU/ArialNova(0)/m/n/8 0.0000|
 []


Overfull \hbox (1.05737pt too wide) in paragraph at lines 1383--1383
 []\TU/ArialNova(0)/m/n/8 0.1383|
 []


Overfull \hbox (4.75885pt too wide) in paragraph at lines 1383--1383
 []\TU/ArialNova(0)/m/n/8 0.00749|
 []


Overfull \hbox (4.75885pt too wide) in paragraph at lines 1383--1383
 []\TU/ArialNova(0)/m/n/8 0.00491|
 []


Overfull \hbox (4.75885pt too wide) in paragraph at lines 1383--1383
 []\TU/ArialNova(0)/m/n/8 0.00767|
 []


Overfull \hbox (4.75885pt too wide) in paragraph at lines 1383--1383
 []\TU/ArialNova(0)/m/n/8 141,192|
 []


Overfull \hbox (1.05737pt too wide) in paragraph at lines 1383--1383
 []\TU/ArialNova(0)/m/n/8 0.0000|
 []


Overfull \hbox (1.05737pt too wide) in paragraph at lines 1383--1383
 []\TU/ArialNova(0)/m/n/8 0.6594|
 []


Overfull \hbox (4.75885pt too wide) in paragraph at lines 1383--1383
 []\TU/ArialNova(0)/m/n/8 0.00000|
 []


Overfull \hbox (4.75885pt too wide) in paragraph at lines 1383--1383
 []\TU/ArialNova(0)/m/n/8 0.00000|
 []


Overfull \hbox (4.75885pt too wide) in paragraph at lines 1383--1383
 []\TU/ArialNova(0)/m/n/8 0.00000|
 []


Package xcolor Warning: Incompatible color definition on input line 1386.


Package xcolor Warning: Incompatible color definition on input line 1398.


Package xcolor Warning: Incompatible color definition on input line 1398.


Overfull \hbox (3.28995pt too wide) in paragraph at lines 1449--1449
 []\TU/ArialNova(0)/m/n/8 case_id|
 []


Overfull \hbox (23.13626pt too wide) in paragraph at lines 1449--1449
 []\TU/ArialNova(0)/m/n/8 norm_ad_area|
 []


Overfull \hbox (23.16876pt too wide) in paragraph at lines 1449--1449
 []\TU/ArialNova(0)/m/n/8 norm_ad_ratio|
 []


Overfull \hbox (24.98863pt too wide) in paragraph at lines 1449--1449
 []\TU/ArialNova(0)/m/n/8 norm_requests|
 []


Overfull \hbox (31.6604pt too wide) in paragraph at lines 1449--1449
 []\TU/ArialNova(0)/m/n/8 norm_impression|
 []


Overfull \hbox (10.37444pt too wide) in paragraph at lines 1449--1449
 []\TU/ArialNova(0)/m/n/8 norm_cpc|
 []


Overfull \hbox (7.42041pt too wide) in paragraph at lines 1449--1449
 []\TU/ArialNova(0)/m/n/8 norm_ctr|
 []


Overfull \hbox (29.75604pt too wide) in paragraph at lines 1449--1449
 []\TU/ArialNova(0)/m/n/8 norm_viewability|
 []


Overfull \hbox (16.25652pt too wide) in paragraph at lines 1449--1449
 []\TU/ArialNova(0)/m/n/8 norm_ratio1|
 []


Overfull \hbox (16.25652pt too wide) in paragraph at lines 1449--1449
 []\TU/ArialNova(0)/m/n/8 norm_ratio2|
 []


Overfull \hbox (16.25652pt too wide) in paragraph at lines 1449--1449
 []\TU/ArialNova(0)/m/n/8 norm_ratio3|
 []


Overfull \hbox (16.25652pt too wide) in paragraph at lines 1449--1449
 []\TU/ArialNova(0)/m/n/8 norm_ratio4|
 []


Overfull \hbox (16.25652pt too wide) in paragraph at lines 1449--1449
 []\TU/ArialNova(0)/m/n/8 norm_ratio5|
 []


Overfull \hbox (2.92273pt too wide) in paragraph at lines 1449--1449
 []\TU/ArialNova(0)/m/n/8 norm_y|
 []


Overfull \hbox (18.89207pt too wide) in paragraph at lines 1449--1449
 []\TU/ArialNova(0)/m/n/8 norm_ln_cpc|
 []


Overfull \hbox (15.93803pt too wide) in paragraph at lines 1449--1449
 []\TU/ArialNova(0)/m/n/8 norm_ln_ctr|
 []


Overfull \hbox (21.38464pt too wide) in paragraph at lines 1449--1449
 []\TU/ArialNova(0)/m/n/8 norm_ln_impr|
 []


Overfull \hbox (4.75885pt too wide) in paragraph at lines 1449--1449
 []\TU/ArialNova(0)/m/n/8 128,648|
 []


Overfull \hbox (1.05737pt too wide) in paragraph at lines 1449--1449
 []\TU/ArialNova(0)/m/n/8 0.1864|
 []


Overfull \hbox (12.16182pt too wide) in paragraph at lines 1449--1449
 []\TU/ArialNova(0)/m/n/8 0.0000440|
 []


Overfull \hbox (12.16182pt too wide) in paragraph at lines 1449--1449
 []\TU/ArialNova(0)/m/n/8 0.0000223|
 []


Overfull \hbox (8.46033pt too wide) in paragraph at lines 1449--1449
 []\TU/ArialNova(0)/m/n/8 0.000224|
 []


Overfull \hbox (4.75885pt too wide) in paragraph at lines 1449--1449
 []\TU/ArialNova(0)/m/n/8 0.00370|
 []


Overfull \hbox (1.05737pt too wide) in paragraph at lines 1449--1449
 []\TU/ArialNova(0)/m/n/8 0.0196|
 []


Overfull \hbox (4.75885pt too wide) in paragraph at lines 1449--1449
 []\TU/ArialNova(0)/m/n/8 0.00122|
 []


Overfull \hbox (1.05737pt too wide) in paragraph at lines 1449--1449
 []\TU/ArialNova(0)/m/n/8 91,462|
 []


Overfull \hbox (1.05737pt too wide) in paragraph at lines 1449--1449
 []\TU/ArialNova(0)/m/n/8 0.1525|
 []


Overfull \hbox (12.16182pt too wide) in paragraph at lines 1449--1449
 []\TU/ArialNova(0)/m/n/8 0.0000000|
 []


Overfull \hbox (12.16182pt too wide) in paragraph at lines 1449--1449
 []\TU/ArialNova(0)/m/n/8 0.0000000|
 []


Overfull \hbox (8.46033pt too wide) in paragraph at lines 1449--1449
 []\TU/ArialNova(0)/m/n/8 0.000000|
 []


Overfull \hbox (4.75885pt too wide) in paragraph at lines 1449--1449
 []\TU/ArialNova(0)/m/n/8 0.00000|
 []


Overfull \hbox (1.05737pt too wide) in paragraph at lines 1449--1449
 []\TU/ArialNova(0)/m/n/8 0.0000|
 []


Overfull \hbox (4.75885pt too wide) in paragraph at lines 1449--1449
 []\TU/ArialNova(0)/m/n/8 0.03430|
 []


Overfull \hbox (1.05737pt too wide) in paragraph at lines 1449--1449
 []\TU/ArialNova(0)/m/n/8 0.0015|
 []


Overfull \hbox (12.16182pt too wide) in paragraph at lines 1449--1449
 []\TU/ArialNova(0)/m/n/8 0.0003226|
 []


Overfull \hbox (12.16182pt too wide) in paragraph at lines 1449--1449
 []\TU/ArialNova(0)/m/n/8 0.0003526|
 []


Overfull \hbox (8.46033pt too wide) in paragraph at lines 1449--1449
 []\TU/ArialNova(0)/m/n/8 0.000410|
 []


Overfull \hbox (4.75885pt too wide) in paragraph at lines 1449--1449
 []\TU/ArialNova(0)/m/n/8 0.00165|
 []


Overfull \hbox (1.05737pt too wide) in paragraph at lines 1449--1449
 []\TU/ArialNova(0)/m/n/8 0.6667|
 []


Overfull \hbox (4.75885pt too wide) in paragraph at lines 1449--1449
 []\TU/ArialNova(0)/m/n/8 0.00385|
 []


Overfull \hbox (1.05737pt too wide) in paragraph at lines 1449--1449
 []\TU/ArialNova(0)/m/n/8 57,676|
 []


Overfull \hbox (1.05737pt too wide) in paragraph at lines 1449--1449
 []\TU/ArialNova(0)/m/n/8 0.1864|
 []


Overfull \hbox (12.16182pt too wide) in paragraph at lines 1449--1449
 []\TU/ArialNova(0)/m/n/8 0.0000000|
 []


Overfull \hbox (12.16182pt too wide) in paragraph at lines 1449--1449
 []\TU/ArialNova(0)/m/n/8 0.0000000|
 []


Overfull \hbox (8.46033pt too wide) in paragraph at lines 1449--1449
 []\TU/ArialNova(0)/m/n/8 0.000000|
 []


Overfull \hbox (4.75885pt too wide) in paragraph at lines 1449--1449
 []\TU/ArialNova(0)/m/n/8 0.00000|
 []


Overfull \hbox (1.05737pt too wide) in paragraph at lines 1449--1449
 []\TU/ArialNova(0)/m/n/8 0.0000|
 []


Overfull \hbox (4.75885pt too wide) in paragraph at lines 1449--1449
 []\TU/ArialNova(0)/m/n/8 0.00085|
 []


Overfull \hbox (4.75885pt too wide) in paragraph at lines 1449--1449
 []\TU/ArialNova(0)/m/n/8 117,805|
 []


Overfull \hbox (1.05737pt too wide) in paragraph at lines 1449--1449
 []\TU/ArialNova(0)/m/n/8 0.1864|
 []


Overfull \hbox (12.16182pt too wide) in paragraph at lines 1449--1449
 []\TU/ArialNova(0)/m/n/8 0.0000289|
 []


Overfull \hbox (12.16182pt too wide) in paragraph at lines 1449--1449
 []\TU/ArialNova(0)/m/n/8 0.0000070|
 []


Overfull \hbox (8.46033pt too wide) in paragraph at lines 1449--1449
 []\TU/ArialNova(0)/m/n/8 0.000228|
 []


Overfull \hbox (4.75885pt too wide) in paragraph at lines 1449--1449
 []\TU/ArialNova(0)/m/n/8 0.04650|
 []


Overfull \hbox (1.05737pt too wide) in paragraph at lines 1449--1449
 []\TU/ArialNova(0)/m/n/8 0.6667|
 []


Overfull \hbox (4.75885pt too wide) in paragraph at lines 1449--1449
 []\TU/ArialNova(0)/m/n/8 0.00691|
 []


Overfull \hbox (1.05737pt too wide) in paragraph at lines 1449--1449
 []\TU/ArialNova(0)/m/n/8 44,642|
 []


Overfull \hbox (1.05737pt too wide) in paragraph at lines 1449--1449
 []\TU/ArialNova(0)/m/n/8 0.1525|
 []


Overfull \hbox (12.16182pt too wide) in paragraph at lines 1449--1449
 []\TU/ArialNova(0)/m/n/8 0.0000000|
 []


Overfull \hbox (12.16182pt too wide) in paragraph at lines 1449--1449
 []\TU/ArialNova(0)/m/n/8 0.0000000|
 []


Overfull \hbox (8.46033pt too wide) in paragraph at lines 1449--1449
 []\TU/ArialNova(0)/m/n/8 0.000000|
 []


Overfull \hbox (4.75885pt too wide) in paragraph at lines 1449--1449
 []\TU/ArialNova(0)/m/n/8 0.00000|
 []


Overfull \hbox (1.05737pt too wide) in paragraph at lines 1449--1449
 []\TU/ArialNova(0)/m/n/8 0.0000|
 []


Overfull \hbox (4.75885pt too wide) in paragraph at lines 1449--1449
 []\TU/ArialNova(0)/m/n/8 0.00863|
 []


Overfull \hbox (1.05737pt too wide) in paragraph at lines 1449--1449
 []\TU/ArialNova(0)/m/n/8 24,282|
 []


Overfull \hbox (1.05737pt too wide) in paragraph at lines 1449--1449
 []\TU/ArialNova(0)/m/n/8 0.1864|
 []


Overfull \hbox (12.16182pt too wide) in paragraph at lines 1449--1449
 []\TU/ArialNova(0)/m/n/8 0.0001018|
 []


Overfull \hbox (12.16182pt too wide) in paragraph at lines 1449--1449
 []\TU/ArialNova(0)/m/n/8 0.0001000|
 []


Overfull \hbox (8.46033pt too wide) in paragraph at lines 1449--1449
 []\TU/ArialNova(0)/m/n/8 0.000152|
 []


Overfull \hbox (4.75885pt too wide) in paragraph at lines 1449--1449
 []\TU/ArialNova(0)/m/n/8 0.00165|
 []


Overfull \hbox (1.05737pt too wide) in paragraph at lines 1449--1449
 []\TU/ArialNova(0)/m/n/8 0.6667|
 []


Overfull \hbox (4.75885pt too wide) in paragraph at lines 1449--1449
 []\TU/ArialNova(0)/m/n/8 0.00107|
 []


Overfull \hbox (4.75885pt too wide) in paragraph at lines 1449--1449
 []\TU/ArialNova(0)/m/n/8 106,357|
 []


Overfull \hbox (1.05737pt too wide) in paragraph at lines 1449--1449
 []\TU/ArialNova(0)/m/n/8 0.1864|
 []


Overfull \hbox (12.16182pt too wide) in paragraph at lines 1449--1449
 []\TU/ArialNova(0)/m/n/8 0.0000000|
 []


Overfull \hbox (12.16182pt too wide) in paragraph at lines 1449--1449
 []\TU/ArialNova(0)/m/n/8 0.0000000|
 []


Overfull \hbox (8.46033pt too wide) in paragraph at lines 1449--1449
 []\TU/ArialNova(0)/m/n/8 0.000000|
 []


Overfull \hbox (4.75885pt too wide) in paragraph at lines 1449--1449
 []\TU/ArialNova(0)/m/n/8 0.00000|
 []


Overfull \hbox (1.05737pt too wide) in paragraph at lines 1449--1449
 []\TU/ArialNova(0)/m/n/8 0.0000|
 []


Overfull \hbox (4.75885pt too wide) in paragraph at lines 1449--1449
 []\TU/ArialNova(0)/m/n/8 0.00085|
 []


Overfull \hbox (4.75885pt too wide) in paragraph at lines 1449--1449
 []\TU/ArialNova(0)/m/n/8 129,661|
 []


Overfull \hbox (1.05737pt too wide) in paragraph at lines 1449--1449
 []\TU/ArialNova(0)/m/n/8 0.1864|
 []


Overfull \hbox (12.16182pt too wide) in paragraph at lines 1449--1449
 []\TU/ArialNova(0)/m/n/8 0.0000027|
 []


Overfull \hbox (12.16182pt too wide) in paragraph at lines 1449--1449
 []\TU/ArialNova(0)/m/n/8 0.0000030|
 []


Overfull \hbox (8.46033pt too wide) in paragraph at lines 1449--1449
 []\TU/ArialNova(0)/m/n/8 0.000070|
 []


Overfull \hbox (4.75885pt too wide) in paragraph at lines 1449--1449
 []\TU/ArialNova(0)/m/n/8 0.02780|
 []


Overfull \hbox (1.05737pt too wide) in paragraph at lines 1449--1449
 []\TU/ArialNova(0)/m/n/8 0.7037|
 []


Overfull \hbox (4.75885pt too wide) in paragraph at lines 1449--1449
 []\TU/ArialNova(0)/m/n/8 0.00558|
 []


Overfull \hbox (4.75885pt too wide) in paragraph at lines 1449--1449
 []\TU/ArialNova(0)/m/n/8 178,825|
 []


Overfull \hbox (1.05737pt too wide) in paragraph at lines 1449--1449
 []\TU/ArialNova(0)/m/n/8 0.1525|
 []


Overfull \hbox (12.16182pt too wide) in paragraph at lines 1449--1449
 []\TU/ArialNova(0)/m/n/8 0.0005945|
 []


Overfull \hbox (12.16182pt too wide) in paragraph at lines 1449--1449
 []\TU/ArialNova(0)/m/n/8 0.0003021|
 []


Overfull \hbox (8.46033pt too wide) in paragraph at lines 1449--1449
 []\TU/ArialNova(0)/m/n/8 0.035773|
 []


Overfull \hbox (4.75885pt too wide) in paragraph at lines 1449--1449
 []\TU/ArialNova(0)/m/n/8 0.00025|
 []


Overfull \hbox (1.05737pt too wide) in paragraph at lines 1449--1449
 []\TU/ArialNova(0)/m/n/8 0.6667|
 []


Overfull \hbox (4.75885pt too wide) in paragraph at lines 1449--1449
 []\TU/ArialNova(0)/m/n/8 0.01914|
 []


Overfull \hbox (1.05737pt too wide) in paragraph at lines 1449--1449
 []\TU/ArialNova(0)/m/n/8 48,986|
 []


Overfull \hbox (1.05737pt too wide) in paragraph at lines 1449--1449
 []\TU/ArialNova(0)/m/n/8 0.3898|
 []


Overfull \hbox (12.16182pt too wide) in paragraph at lines 1449--1449
 []\TU/ArialNova(0)/m/n/8 0.0001859|
 []


Overfull \hbox (12.16182pt too wide) in paragraph at lines 1449--1449
 []\TU/ArialNova(0)/m/n/8 0.0001593|
 []


Overfull \hbox (8.46033pt too wide) in paragraph at lines 1449--1449
 []\TU/ArialNova(0)/m/n/8 0.004420|
 []


Overfull \hbox (4.75885pt too wide) in paragraph at lines 1449--1449
 []\TU/ArialNova(0)/m/n/8 0.00105|
 []


Overfull \hbox (1.05737pt too wide) in paragraph at lines 1449--1449
 []\TU/ArialNova(0)/m/n/8 0.0021|
 []


Overfull \hbox (4.75885pt too wide) in paragraph at lines 1449--1449
 []\TU/ArialNova(0)/m/n/8 0.01562|
 []


Overfull \hbox (4.75885pt too wide) in paragraph at lines 1449--1449
 []\TU/ArialNova(0)/m/n/8 173,674|
 []


Overfull \hbox (1.05737pt too wide) in paragraph at lines 1449--1449
 []\TU/ArialNova(0)/m/n/8 0.1525|
 []


Overfull \hbox (12.16182pt too wide) in paragraph at lines 1449--1449
 []\TU/ArialNova(0)/m/n/8 0.0005228|
 []


Overfull \hbox (12.16182pt too wide) in paragraph at lines 1449--1449
 []\TU/ArialNova(0)/m/n/8 0.0003567|
 []


Overfull \hbox (8.46033pt too wide) in paragraph at lines 1449--1449
 []\TU/ArialNova(0)/m/n/8 0.017571|
 []


Overfull \hbox (4.75885pt too wide) in paragraph at lines 1449--1449
 []\TU/ArialNova(0)/m/n/8 0.00045|
 []


Overfull \hbox (1.05737pt too wide) in paragraph at lines 1449--1449
 []\TU/ArialNova(0)/m/n/8 0.0668|
 []


Overfull \hbox (4.75885pt too wide) in paragraph at lines 1449--1449
 []\TU/ArialNova(0)/m/n/8 0.02559|
 []


Overfull \hbox (4.75885pt too wide) in paragraph at lines 1449--1449
 []\TU/ArialNova(0)/m/n/8 202,874|
 []


Overfull \hbox (1.05737pt too wide) in paragraph at lines 1449--1449
 []\TU/ArialNova(0)/m/n/8 0.3898|
 []


Overfull \hbox (12.16182pt too wide) in paragraph at lines 1449--1449
 []\TU/ArialNova(0)/m/n/8 0.0000000|
 []


Overfull \hbox (12.16182pt too wide) in paragraph at lines 1449--1449
 []\TU/ArialNova(0)/m/n/8 0.0000000|
 []


Overfull \hbox (8.46033pt too wide) in paragraph at lines 1449--1449
 []\TU/ArialNova(0)/m/n/8 0.000000|
 []


Overfull \hbox (4.75885pt too wide) in paragraph at lines 1449--1449
 []\TU/ArialNova(0)/m/n/8 0.00000|
 []


Overfull \hbox (1.05737pt too wide) in paragraph at lines 1449--1449
 []\TU/ArialNova(0)/m/n/8 0.0000|
 []


Overfull \hbox (4.75885pt too wide) in paragraph at lines 1449--1449
 []\TU/ArialNova(0)/m/n/8 0.01678|
 []


Overfull \hbox (4.75885pt too wide) in paragraph at lines 1449--1449
 []\TU/ArialNova(0)/m/n/8 124,197|
 []


Overfull \hbox (1.05737pt too wide) in paragraph at lines 1449--1449
 []\TU/ArialNova(0)/m/n/8 0.1864|
 []


Overfull \hbox (12.16182pt too wide) in paragraph at lines 1449--1449
 []\TU/ArialNova(0)/m/n/8 0.0000030|
 []


Overfull \hbox (12.16182pt too wide) in paragraph at lines 1449--1449
 []\TU/ArialNova(0)/m/n/8 0.0000033|
 []


Overfull \hbox (8.46033pt too wide) in paragraph at lines 1449--1449
 []\TU/ArialNova(0)/m/n/8 0.000042|
 []


Overfull \hbox (4.75885pt too wide) in paragraph at lines 1449--1449
 []\TU/ArialNova(0)/m/n/8 0.05000|
 []


Overfull \hbox (1.05737pt too wide) in paragraph at lines 1449--1449
 []\TU/ArialNova(0)/m/n/8 0.0000|
 []


Overfull \hbox (4.75885pt too wide) in paragraph at lines 1449--1449
 []\TU/ArialNova(0)/m/n/8 0.01605|
 []


Overfull \hbox (1.05737pt too wide) in paragraph at lines 1449--1449
 []\TU/ArialNova(0)/m/n/8 30,209|
 []


Overfull \hbox (1.05737pt too wide) in paragraph at lines 1449--1449
 []\TU/ArialNova(0)/m/n/8 0.1525|
 []


Overfull \hbox (12.16182pt too wide) in paragraph at lines 1449--1449
 []\TU/ArialNova(0)/m/n/8 0.0000000|
 []


Overfull \hbox (12.16182pt too wide) in paragraph at lines 1449--1449
 []\TU/ArialNova(0)/m/n/8 0.0000000|
 []


Overfull \hbox (8.46033pt too wide) in paragraph at lines 1449--1449
 []\TU/ArialNova(0)/m/n/8 0.000000|
 []


Overfull \hbox (4.75885pt too wide) in paragraph at lines 1449--1449
 []\TU/ArialNova(0)/m/n/8 0.00000|
 []


Overfull \hbox (1.05737pt too wide) in paragraph at lines 1449--1449
 []\TU/ArialNova(0)/m/n/8 0.0000|
 []


Overfull \hbox (4.75885pt too wide) in paragraph at lines 1449--1449
 []\TU/ArialNova(0)/m/n/8 0.02467|
 []


Overfull \hbox (1.05737pt too wide) in paragraph at lines 1449--1449
 []\TU/ArialNova(0)/m/n/8 97,721|
 []


Overfull \hbox (1.05737pt too wide) in paragraph at lines 1449--1449
 []\TU/ArialNova(0)/m/n/8 0.1134|
 []


Overfull \hbox (12.16182pt too wide) in paragraph at lines 1449--1449
 []\TU/ArialNova(0)/m/n/8 0.0001249|
 []


Overfull \hbox (12.16182pt too wide) in paragraph at lines 1449--1449
 []\TU/ArialNova(0)/m/n/8 0.0001146|
 []


Overfull \hbox (8.46033pt too wide) in paragraph at lines 1449--1449
 []\TU/ArialNova(0)/m/n/8 0.000454|
 []


Overfull \hbox (4.75885pt too wide) in paragraph at lines 1449--1449
 []\TU/ArialNova(0)/m/n/8 0.00430|
 []


Overfull \hbox (1.05737pt too wide) in paragraph at lines 1449--1449
 []\TU/ArialNova(0)/m/n/8 0.0086|
 []


Overfull \hbox (4.75885pt too wide) in paragraph at lines 1449--1449
 []\TU/ArialNova(0)/m/n/8 0.01124|
 []


Overfull \hbox (1.05737pt too wide) in paragraph at lines 1449--1449
 []\TU/ArialNova(0)/m/n/8 29,316|
 []


Overfull \hbox (1.05737pt too wide) in paragraph at lines 1449--1449
 []\TU/ArialNova(0)/m/n/8 0.1525|
 []


Overfull \hbox (12.16182pt too wide) in paragraph at lines 1449--1449
 []\TU/ArialNova(0)/m/n/8 0.0008326|
 []


Overfull \hbox (12.16182pt too wide) in paragraph at lines 1449--1449
 []\TU/ArialNova(0)/m/n/8 0.0002398|
 []


Overfull \hbox (8.46033pt too wide) in paragraph at lines 1449--1449
 []\TU/ArialNova(0)/m/n/8 0.017309|
 []


Overfull \hbox (4.75885pt too wide) in paragraph at lines 1449--1449
 []\TU/ArialNova(0)/m/n/8 0.00035|
 []


Overfull \hbox (1.05737pt too wide) in paragraph at lines 1449--1449
 []\TU/ArialNova(0)/m/n/8 0.0319|
 []


Overfull \hbox (4.75885pt too wide) in paragraph at lines 1449--1449
 []\TU/ArialNova(0)/m/n/8 0.00711|
 []


Overfull \hbox (4.75885pt too wide) in paragraph at lines 1449--1449
 []\TU/ArialNova(0)/m/n/8 127,966|
 []


Overfull \hbox (1.05737pt too wide) in paragraph at lines 1449--1449
 []\TU/ArialNova(0)/m/n/8 0.1864|
 []


Overfull \hbox (12.16182pt too wide) in paragraph at lines 1449--1449
 []\TU/ArialNova(0)/m/n/8 0.0078001|
 []


Overfull \hbox (12.16182pt too wide) in paragraph at lines 1449--1449
 []\TU/ArialNova(0)/m/n/8 0.0031590|
 []


Overfull \hbox (8.46033pt too wide) in paragraph at lines 1449--1449
 []\TU/ArialNova(0)/m/n/8 0.000383|
 []


Overfull \hbox (4.75885pt too wide) in paragraph at lines 1449--1449
 []\TU/ArialNova(0)/m/n/8 0.00265|
 []


Overfull \hbox (1.05737pt too wide) in paragraph at lines 1449--1449
 []\TU/ArialNova(0)/m/n/8 0.0404|
 []


Overfull \hbox (4.75885pt too wide) in paragraph at lines 1449--1449
 []\TU/ArialNova(0)/m/n/8 0.00192|
 []


Overfull \hbox (1.05737pt too wide) in paragraph at lines 1449--1449
 []\TU/ArialNova(0)/m/n/8 29,618|
 []


Overfull \hbox (1.05737pt too wide) in paragraph at lines 1449--1449
 []\TU/ArialNova(0)/m/n/8 0.1525|
 []


Overfull \hbox (12.16182pt too wide) in paragraph at lines 1449--1449
 []\TU/ArialNova(0)/m/n/8 0.0000000|
 []


Overfull \hbox (12.16182pt too wide) in paragraph at lines 1449--1449
 []\TU/ArialNova(0)/m/n/8 0.0000000|
 []


Overfull \hbox (8.46033pt too wide) in paragraph at lines 1449--1449
 []\TU/ArialNova(0)/m/n/8 0.000000|
 []


Overfull \hbox (4.75885pt too wide) in paragraph at lines 1449--1449
 []\TU/ArialNova(0)/m/n/8 0.00000|
 []


Overfull \hbox (1.05737pt too wide) in paragraph at lines 1449--1449
 []\TU/ArialNova(0)/m/n/8 0.0000|
 []


Overfull \hbox (4.75885pt too wide) in paragraph at lines 1449--1449
 []\TU/ArialNova(0)/m/n/8 0.01837|
 []


Overfull \hbox (4.75885pt too wide) in paragraph at lines 1449--1449
 []\TU/ArialNova(0)/m/n/8 141,192|
 []


Overfull \hbox (1.05737pt too wide) in paragraph at lines 1449--1449
 []\TU/ArialNova(0)/m/n/8 0.1864|
 []


Overfull \hbox (12.16182pt too wide) in paragraph at lines 1449--1449
 []\TU/ArialNova(0)/m/n/8 0.0000000|
 []


Overfull \hbox (12.16182pt too wide) in paragraph at lines 1449--1449
 []\TU/ArialNova(0)/m/n/8 0.0000000|
 []


Overfull \hbox (8.46033pt too wide) in paragraph at lines 1449--1449
 []\TU/ArialNova(0)/m/n/8 0.000000|
 []


Overfull \hbox (4.75885pt too wide) in paragraph at lines 1449--1449
 []\TU/ArialNova(0)/m/n/8 0.00000|
 []


Overfull \hbox (1.05737pt too wide) in paragraph at lines 1449--1449
 []\TU/ArialNova(0)/m/n/8 0.0000|
 []


Overfull \hbox (4.75885pt too wide) in paragraph at lines 1449--1449
 []\TU/ArialNova(0)/m/n/8 0.05221|
 []

[28]
LaTeX Font Info:    Font shape `TU/ArialNova(0)/m/it' will be
(Font)              scaled to size 9.10973pt on input line 1461.

Underfull \hbox (badness 1107) in paragraph at lines 1464--1468
\TU/ArialNova(0)/m/n/10.95 Research & Evaluation, V.05 No.12, [][]$[][][][] [] 
[] [] [][][][][][][][][] [] [][][] [] [][][] [] [][][] [] [][][][][][][] [] [][
][][][][][][] [] [][][] [] [][] [] [] [] [] [] [][][] [] [][][][] [] [][][] [] 
[][][][] [] [][][][] []
 []

Package atveryend Info: Empty hook `BeforeClearDocument' on input line 1471.
[29]
Package atveryend Info: Empty hook `AfterLastShipout' on input line 1471.
(ML_rmd_2.1.aux)
Package atveryend Info: Empty hook `AtVeryEndDocument' on input line 1471.
Package atveryend Info: Executing hook `AtEndAfterFileList' on input line 1471.

Package rerunfilecheck Info: File `ML_rmd_2.1.out' has not changed.
(rerunfilecheck)             Checksum: 3A67E4FC959FD72938F19CFDCA66DD04.

LaTeX Warning: There were multiply-defined labels.

 ) 
Here is how much of TeX's memory you used:
 25754 strings out of 427748
 461850 string characters out of 3143988
 707464 words of memory out of 3000000
 29513 multiletter control sequences out of 15000+200000
 561249 words of font info for 83 fonts, out of 3000000 for 9000
 1328 hyphenation exceptions out of 8191
 48i,15n,116p,809b,486s stack positions out of 5000i,500n,10000p,200000b,50000s

Output written on ML_rmd_2.1.pdf (29 pages).
